<?xml version="1.0" encoding="utf-8"?><testsuites name="pytest tests"><testsuite name="pytest" errors="5" failures="35" skipped="0" tests="326" time="96.645" timestamp="2026-03-01T10:35:40.048403+08:00" hostname="SF01411043MACHC"><testcase classname="packages.address_core.tests.test_dedup" name="test_dedup_records_removes_exact_duplicates" time="0.000" /><testcase classname="packages.address_core.tests.test_dedup" name="test_dedup_records_merges_normalized_variants" time="0.000" /><testcase classname="packages.address_core.tests.test_match" name="test_recall_candidates_returns_multiple_ranked_items" time="0.001" /><testcase classname="packages.address_core.tests.test_match" name="test_recall_candidates_truncate_invalid_road_tail" time="0.000" /><testcase classname="packages.address_core.tests.test_match" name="test_recall_candidates_normalizes_raw_input" time="0.000" /><testcase classname="packages.address_core.tests.test_normalize" name="test_normalize_text_basic" time="0.000" /><testcase classname="packages.address_core.tests.test_normalize" name="test_normalize_text_municipality_prefix" time="0.000" /><testcase classname="packages.address_core.tests.test_normalize" name="test_normalize_text_convert_building_suffix" time="0.000" /><testcase classname="packages.address_core.tests.test_parse" name="test_parse_components_partial_fields" time="0.000" /><testcase classname="packages.address_core.tests.test_parse" name="test_parse_components_municipality" time="0.000" /><testcase classname="packages.address_core.tests.test_parse" name="test_parse_components_normalizes_raw_input_before_parse" time="0.000" /><testcase classname="packages.address_core.tests.test_pipeline_no_fallback" name="test_pipeline_blocks_when_records_empty" time="0.000" /><testcase classname="packages.address_core.tests.test_pipeline_no_fallback" name="test_pipeline_blocks_when_raw_text_empty" time="0.000" /><testcase classname="packages.address_core.tests.test_pipeline_smoke" name="test_pipeline_smoke" time="0.000" /><testcase classname="packages.address_core.tests.test_pipeline_trust_provider" name="test_pipeline_appends_trust_query_evidence" time="0.000" /><testcase classname="packages.address_core.tests.test_pipeline_trust_provider" name="test_pipeline_blocks_when_trust_required_and_provider_fails" time="0.000" /><testcase classname="packages.address_core.tests.test_score" name="test_score_confidence_rejects_invalid_road" time="0.000" /><testcase classname="packages.address_core.tests.test_score" name="test_score_confidence_accepts_complete_address" time="0.000" /><testcase classname="packages.address_core.tests.test_score" name="test_score_confidence_marks_building_room_without_unit_as_review" time="0.000" /><testcase classname="packages.address_core.tests.test_trusted_fengtu" name="test_fengtu_client_disabled_by_default" time="0.000" /><testcase classname="packages.address_core.tests.test_trusted_fengtu" name="test_fengtu_client_can_be_disabled_explicitly" time="0.000" /><testcase classname="packages.address_core.tests.test_trusted_fengtu" name="test_fengtu_client_disabled_returns_none_on_real_check" time="0.001" /><testcase classname="packages.address_core.tests.test_trusted_fengtu" name="test_fengtu_network_error_requires_user_confirmation" time="0.271" /><testcase classname="packages.agent_runtime.tests.test_opencode_runtime_contract" name="test_run_prompt_uses_run_subcommand_and_json_format" time="0.001" /><testcase classname="packages.agent_runtime.tests.test_opencode_runtime_contract" name="test_run_prompt_timeout_can_be_overridden_by_env" time="0.000" /><testcase classname="packages.agent_runtime.tests.test_opencode_runtime_contract" name="test_run_prompt_model_can_be_overridden_by_env" time="0.000" /><testcase classname="packages.agent_runtime.tests.test_opencode_runtime_contract" name="test_run_prompt_model_can_be_loaded_from_config_file" time="0.004" /><testcase classname="packages.agent_runtime.tests.test_opencode_runtime_contract" name="test_parse_output_supports_ndjson_text_events" time="0.000" /><testcase classname="packages.agent_runtime.tests.test_opencode_runtime_contract" name="test_parse_output_supports_fenced_json_in_text_event" time="0.000" /><testcase classname="packages.agent_runtime.tests.test_opencode_runtime_contract" name="test_run_task_blocks_when_opencode_unavailable" time="0.000" /><testcase classname="packages.agent_runtime.tests.test_opencode_runtime_contract" name="test_run_task_blocks_when_response_invalid" time="0.000" /><testcase classname="packages.agent_runtime.tests.test_runtime_fallback" name="test_legacy_runtime_contract" time="0.000" /><testcase classname="packages.agent_runtime.tests.test_runtime_selector" name="test_runtime_selector_opencode_default" time="0.000" /><testcase classname="packages.agent_runtime.tests.test_runtime_selector" name="test_runtime_selector_rejects_legacy" time="0.000" /><testcase classname="packages.agent_runtime.tests.test_runtime_selector_contract" name="test_runtime_selector_returns_opencode_by_default" time="0.000" /><testcase classname="packages.agent_runtime.tests.test_runtime_selector_contract" name="test_runtime_selector_rejects_unsupported_runtime" time="0.000" /><testcase classname="services.governance_api.tests.test_blocked_confirmation_audit" name="test_log_blocked_confirmation_contains_required_fields" time="0.135" /><testcase classname="services.governance_api.tests.test_e2e_pending_to_succeeded" name="test_e2e_pending_to_succeeded" time="0.575" /><testcase classname="services.governance_api.tests.test_governance_domain_table_guard" name="test_repository_no_longer_references_public_addr_tables" time="0.001" /><testcase classname="services.governance_api.tests.test_governance_schema_physical_migration_guard" name="test_governance_audit_physical_migration_exists_and_materializes_tables" time="0.001" /><testcase classname="services.governance_api.tests.test_lab_api" name="test_lab_optimize_creates_pending_change_request" time="0.007"><failure message="assert 404 == 200&#10; +  where 404 = &lt;Response [404 Not Found]&gt;.status_code">def test_lab_optimize_creates_pending_change_request() -&gt; None:
        client = TestClient(app)
    
        response = client.post(
            "/v1/governance/lab/optimize/lab-batch-001",
            json={
                "caller": "lab-admin",
                "sample_spec": "sample",
                "sample_size": 3,
                "candidate_count": 3,
                "records": [
                    {"raw_id": "lab-r1", "raw_text": "深圳市福田区福中三路100号"},
                    {"raw_id": "lab-r2", "raw_text": "深圳市南山区科技园南区1号"},
                    {"raw_id": "lab-r3", "raw_text": "广州市天河区体育东路1号"},
                ],
            },
        )
&gt;       assert response.status_code == 200
E       assert 404 == 200
E        +  where 404 = &lt;Response [404 Not Found]&gt;.status_code

services/governance_api/tests/test_lab_api.py:31: AssertionError</failure></testcase><testcase classname="services.governance_api.tests.test_lab_api" name="test_lab_fengtu_network_confirmation_flow" time="0.006" /><testcase classname="services.governance_api.tests.test_lab_api" name="test_lab_fengtu_conflicts_list_and_decision" time="0.007" /><testcase classname="services.governance_api.tests.test_lab_api" name="test_lab_coverage_dashboard_view" time="0.003" /><testcase classname="services.governance_api.tests.test_lab_api" name="test_lab_coverage_data_filters_and_status" time="0.004" /><testcase classname="services.governance_api.tests.test_lab_api" name="test_lab_coverage_view_shows_all_execution_statistics" time="0.002" /><testcase classname="services.governance_api.tests.test_lab_api" name="test_lab_coverage_view_case_details_query_with_result_type_city_filters" time="0.003" /><testcase classname="services.governance_api.tests.test_lab_api" name="test_lab_observability_snapshot_api" time="0.055" /><testcase classname="services.governance_api.tests.test_lab_api" name="test_lab_observability_stream_sse" time="0.061" /><testcase classname="services.governance_api.tests.test_lab_api" name="test_lab_observability_live_view" time="0.002" /><testcase classname="services.governance_api.tests.test_lab_api" name="test_lab_observability_management_data_contract" time="0.035" /><testcase classname="services.governance_api.tests.test_lab_api" name="test_lab_observability_output_evidence_is_reachable" time="0.004" /><testcase classname="services.governance_api.tests.test_lab_api" name="test_lab_observability_management_data_not_dependent_on_dashboard_files" time="0.051" /><testcase classname="services.governance_api.tests.test_lab_sql_api" name="test_lab_sql_templates_and_history_empty" time="0.003" /><testcase classname="services.governance_api.tests.test_lab_sql_api" name="test_lab_sql_query_enforces_readonly_whitelist_and_limit" time="0.012" /><testcase classname="services.governance_api.tests.test_migration_bootstrap_guard" name="test_init_migration_contains_observability_and_publish_tables" time="0.000" /><testcase classname="services.governance_api.tests.test_migration_bootstrap_guard" name="test_trust_meta_migration_bootstraps_trust_db_tables" time="0.000" /><testcase classname="services.governance_api.tests.test_migration_bootstrap_guard" name="test_runtime_publish_migration_handles_view_or_table_cleanup" time="0.000" /><testcase classname="services.governance_api.tests.test_no_runtime_ddl_guard" name="test_governance_repository_has_no_runtime_auto_ddl_logic" time="0.000" /><testcase classname="services.governance_api.tests.test_no_runtime_ddl_guard" name="test_trust_hub_has_no_runtime_auto_create_table_logic" time="0.000" /><testcase classname="services.governance_api.tests.test_no_runtime_ddl_guard" name="test_tc06_line_execution_has_no_runtime_auto_create_table_logic" time="0.000" /><testcase classname="services.governance_api.tests.test_observability_foundation_api" name="test_observability_events_and_trace_replay_contract" time="0.024" /><testcase classname="services.governance_api.tests.test_observability_foundation_api" name="test_observability_snapshot_timeseries_and_alert_ack_contract" time="0.016" /><testcase classname="services.governance_api.tests.test_observability_integration" name="test_observability_snapshot_reflects_task_lifecycle" time="0.577" /><testcase classname="services.governance_api.tests.test_observability_integration" name="test_observability_snapshot_includes_recent_audit_events" time="0.060" /><testcase classname="services.governance_api.tests.test_observability_integration" name="test_observability_stream_emits_connected_and_snapshot_events" time="1.167" /><testcase classname="services.governance_api.tests.test_ops_api" name="test_ops_summary_includes_task_review_metrics" time="0.500" /><testcase classname="services.governance_api.tests.test_ops_api" name="test_ops_summary_supports_filters_and_threshold_override" time="1.158" /><testcase classname="services.governance_api.tests.test_ops_api" name="test_ops_summary_supports_ruleset_filter" time="0.780" /><testcase classname="services.governance_api.tests.test_ops_api" name="test_ops_summary_supports_status_filter" time="0.410" /><testcase classname="services.governance_api.tests.test_ops_api" name="test_ops_summary_supports_recent_hours_filter" time="0.268" /><testcase classname="services.governance_api.tests.test_ops_api" name="test_ops_scorecard_compare_schema" time="1.263" /><testcase classname="services.governance_api.tests.test_ops_sql_readonly_api" name="test_readonly_sql_query_accepts_select_with_limit_and_audit" time="0.079"><failure message="assert False&#10; +  where False = any(&lt;generator object test_readonly_sql_query_accepts_select_with_limit_and_audit.&lt;locals&gt;.&lt;genexpr&gt; at 0x1088ee040&gt;)">monkeypatch = &lt;_pytest.monkeypatch.MonkeyPatch object at 0x10f95b610&gt;

    def test_readonly_sql_query_accepts_select_with_limit_and_audit(monkeypatch) -&gt; None:
        monkeypatch.setattr(
            ops,
            "_execute_postgres_readonly",
            lambda _sql, _timeout_ms: (["value"], [{"value": 1}], 12),
        )
        client = TestClient(app)
        before = len(REPOSITORY.list_audit_events())
        response = client.post(
            "/v1/governance/ops/sql/read-only-query",
            json={
                "caller": "panel-qa",
                "limit": 1,
                "timeout_ms": 1200,
                "sql": "WITH t AS (SELECT 1 AS value UNION ALL SELECT 2 AS value) SELECT value FROM t",
            },
        )
        assert response.status_code == 200
        data = response.json()
        assert data["status"] == "ok"
        assert data["datasource"] == "postgres"
        assert data["row_count"] == 1
        assert data["applied_limit"] == 1
        assert "value" in data["columns"]
        after_events = REPOSITORY.list_audit_events()
        assert len(after_events) &gt;= before + 1
&gt;       assert any(event.get("event_type") == "readonly_sql_query_executed" for event in after_events[before:])
E       assert False
E        +  where False = any(&lt;generator object test_readonly_sql_query_accepts_select_with_limit_and_audit.&lt;locals&gt;.&lt;genexpr&gt; at 0x1088ee040&gt;)

services/governance_api/tests/test_ops_sql_readonly_api.py:34: AssertionError</failure></testcase><testcase classname="services.governance_api.tests.test_ops_sql_readonly_api" name="test_readonly_sql_query_rejects_non_select_statement" time="0.003" /><testcase classname="services.governance_api.tests.test_ops_sql_readonly_api" name="test_readonly_sql_query_rejects_non_whitelisted_table" time="0.046"><failure message="assert False&#10; +  where False = any(&lt;generator object test_readonly_sql_query_rejects_non_whitelisted_table.&lt;locals&gt;.&lt;genexpr&gt; at 0x10b6dcf20&gt;)">def test_readonly_sql_query_rejects_non_whitelisted_table() -&gt; None:
        client = TestClient(app)
        before = len(REPOSITORY.list_audit_events())
        response = client.post(
            "/v1/governance/ops/sql/read-only-query",
            json={
                "caller": "panel-qa",
                "sql": "SELECT tablename FROM pg_catalog.pg_tables",
            },
        )
        assert response.status_code == 403
        detail = response.json().get("detail", {})
        assert detail.get("code") == "SQL_TABLE_NOT_ALLOWED"
        after_events = REPOSITORY.list_audit_events()
        assert len(after_events) &gt;= before + 1
&gt;       assert any(event.get("event_type") == "readonly_sql_query_blocked" for event in after_events[before:])
E       assert False
E        +  where False = any(&lt;generator object test_readonly_sql_query_rejects_non_whitelisted_table.&lt;locals&gt;.&lt;genexpr&gt; at 0x10b6dcf20&gt;)

services/governance_api/tests/test_ops_sql_readonly_api.py:66: AssertionError</failure></testcase><testcase classname="services.governance_api.tests.test_ops_sql_readonly_api" name="test_readonly_sql_query_timeout_is_enforced" time="0.003" /><testcase classname="services.governance_api.tests.test_ops_sql_readonly_api" name="test_readonly_sql_query_accepts_governance_schema_table" time="0.003" /><testcase classname="services.governance_api.tests.test_ops_sql_readonly_api" name="test_readonly_sql_query_rejects_legacy_addr_table_name" time="0.003" /><testcase classname="services.governance_api.tests.test_repository_pg_only_guard" name="test_repository_rejects_non_pg_url_when_non_pg_url" time="0.009" /><testcase classname="services.governance_api.tests.test_repository_pg_only_path_in_pg_mode" name="test_get_workpackage_publish_uses_pg_only_path_in_pg_mode" time="0.004" /><testcase classname="services.governance_api.tests.test_repository_pg_only_path_in_pg_mode" name="test_list_workpackage_publishes_uses_pg_only_path_in_pg_mode" time="0.004" /><testcase classname="services.governance_api.tests.test_repository_pg_only_path_in_pg_mode" name="test_get_task_uses_pg_only_path_in_pg_mode" time="0.003" /><testcase classname="services.governance_api.tests.test_repository_pg_only_path_in_pg_mode" name="test_list_tasks_uses_pg_only_path_in_pg_mode" time="0.002" /><testcase classname="services.governance_api.tests.test_repository_pg_only_path_in_pg_mode" name="test_get_results_uses_pg_only_path_in_pg_mode" time="0.003" /><testcase classname="services.governance_api.tests.test_repository_pg_only_path_in_pg_mode" name="test_get_review_and_ruleset_use_pg_only_path_in_pg_mode" time="0.001" /><testcase classname="services.governance_api.tests.test_reviews_api" name="test_review_decision" time="0.312" /><testcase classname="services.governance_api.tests.test_reviews_api" name="test_review_decision_target_raw_id_only_updates_one_record" time="0.706" /><testcase classname="services.governance_api.tests.test_router_boundary_enforcement" name="test_core_routers_should_not_directly_use_repository_singleton" time="0.002" /><testcase classname="services.governance_api.tests.test_router_boundary_enforcement" name="test_lab_router_should_not_access_repository_memory_internal" time="0.001" /><testcase classname="services.governance_api.tests.test_rulesets_api" name="test_ruleset_update_and_publish_is_blocked_without_approval_gate" time="0.104" /><testcase classname="services.governance_api.tests.test_rulesets_api" name="test_change_request_and_activation_hard_gate" time="0.008"><failure message="assert 404 == 200&#10; +  where 404 = &lt;Response [404 Not Found]&gt;.status_code">def test_change_request_and_activation_hard_gate() -&gt; None:
        client = TestClient(app)
    
        create_ruleset_resp = client.put(
            "/v1/governance/rulesets/rule-b",
            json={
                "version": "v2",
                "is_active": False,
                "config_json": {"thresholds": {"t_high": 0.82, "t_low": 0.58}},
            },
        )
        assert create_ruleset_resp.status_code == 200
    
        create_change_resp = client.post(
            "/v1/governance/change-requests",
            json={
                "from_ruleset_id": "default",
                "to_ruleset_id": "rule-b",
                "baseline_task_id": "task-baseline-1",
                "candidate_task_id": "task-candidate-1",
                "diff": {"thresholds": {"t_high": 0.82, "t_low": 0.58}},
                "scorecard": {"delta": {"auto_pass_rate": 0.01}},
                "recommendation": "accept",
                "evidence_bullets": ["auto pass up", "human required stable", "consistency stable"],
            },
        )
&gt;       assert create_change_resp.status_code == 200
E       assert 404 == 200
E        +  where 404 = &lt;Response [404 Not Found]&gt;.status_code

services/governance_api/tests/test_rulesets_api.py:48: AssertionError</failure></testcase><testcase classname="services.governance_api.tests.test_rulesets_api" name="test_activate_ruleset_rejects_unknown_change_request" time="0.006"><failure message="services.governance_api.app.repositories.governance_repository.GovernanceGateError: change request not found">def test_activate_ruleset_rejects_unknown_change_request() -&gt; None:
        client = TestClient(app)
    
        create_ruleset_resp = client.put(
            "/v1/governance/rulesets/rule-c",
            json={"version": "v3", "is_active": False, "config_json": {"thresholds": {"t_high": 0.83, "t_low": 0.57}}},
        )
        assert create_ruleset_resp.status_code == 200
    
&gt;       activate_missing_change = client.post(
            "/v1/governance/rulesets/rule-c/activate",
            json={"change_id": "chg_not_exists", "caller": "admin"},
        )

services/governance_api/tests/test_rulesets_api.py:105: 
_ _ _ _ _ _ _ _ _ _ _ _ _ _ _ _ _ _ _ _ _ _ _ _ _ _ _ _ _ _ _ _ _ _ _ _ _ _ _ _ 
.venv/lib/python3.9/site-packages/starlette/testclient.py:593: in post
    return super().post(
.venv/lib/python3.9/site-packages/httpx/_client.py:1144: in post
    return self.request(
.venv/lib/python3.9/site-packages/starlette/testclient.py:484: in request
    return super().request(
.venv/lib/python3.9/site-packages/httpx/_client.py:825: in request
    return self.send(request, auth=auth, follow_redirects=follow_redirects)
.venv/lib/python3.9/site-packages/httpx/_client.py:914: in send
    response = self._send_handling_auth(
.venv/lib/python3.9/site-packages/httpx/_client.py:942: in _send_handling_auth
    response = self._send_handling_redirects(
.venv/lib/python3.9/site-packages/httpx/_client.py:979: in _send_handling_redirects
    response = self._send_single_request(request)
.venv/lib/python3.9/site-packages/httpx/_client.py:1014: in _send_single_request
    response = transport.handle_request(request)
.venv/lib/python3.9/site-packages/starlette/testclient.py:377: in handle_request
    raise exc
.venv/lib/python3.9/site-packages/starlette/testclient.py:374: in handle_request
    portal.call(self.app, scope, receive, send)
.venv/lib/python3.9/site-packages/anyio/from_thread.py:334: in call
    return cast(T_Retval, self.start_task_soon(func, *args).result())
/Library/Developer/CommandLineTools/Library/Frameworks/Python3.framework/Versions/3.9/lib/python3.9/concurrent/futures/_base.py:445: in result
    return self.__get_result()
/Library/Developer/CommandLineTools/Library/Frameworks/Python3.framework/Versions/3.9/lib/python3.9/concurrent/futures/_base.py:390: in __get_result
    raise self._exception
.venv/lib/python3.9/site-packages/anyio/from_thread.py:259: in _call_func
    retval = await retval_or_awaitable
.venv/lib/python3.9/site-packages/fastapi/applications.py:1054: in __call__
    await super().__call__(scope, receive, send)
.venv/lib/python3.9/site-packages/starlette/applications.py:113: in __call__
    await self.middleware_stack(scope, receive, send)
.venv/lib/python3.9/site-packages/starlette/middleware/errors.py:187: in __call__
    raise exc
.venv/lib/python3.9/site-packages/starlette/middleware/errors.py:165: in __call__
    await self.app(scope, receive, _send)
.venv/lib/python3.9/site-packages/starlette/middleware/exceptions.py:62: in __call__
    await wrap_app_handling_exceptions(self.app, conn)(scope, receive, send)
.venv/lib/python3.9/site-packages/starlette/_exception_handler.py:53: in wrapped_app
    raise exc
.venv/lib/python3.9/site-packages/starlette/_exception_handler.py:42: in wrapped_app
    await app(scope, receive, sender)
.venv/lib/python3.9/site-packages/starlette/routing.py:715: in __call__
    await self.middleware_stack(scope, receive, send)
.venv/lib/python3.9/site-packages/starlette/routing.py:735: in app
    await route.handle(scope, receive, send)
.venv/lib/python3.9/site-packages/starlette/routing.py:288: in handle
    await self.app(scope, receive, send)
.venv/lib/python3.9/site-packages/starlette/routing.py:76: in app
    await wrap_app_handling_exceptions(app, request)(scope, receive, send)
.venv/lib/python3.9/site-packages/starlette/_exception_handler.py:53: in wrapped_app
    raise exc
.venv/lib/python3.9/site-packages/starlette/_exception_handler.py:42: in wrapped_app
    await app(scope, receive, sender)
.venv/lib/python3.9/site-packages/starlette/routing.py:73: in app
    response = await f(request)
.venv/lib/python3.9/site-packages/fastapi/routing.py:301: in app
    raw_response = await run_endpoint_function(
.venv/lib/python3.9/site-packages/fastapi/routing.py:214: in run_endpoint_function
    return await run_in_threadpool(dependant.call, **values)
.venv/lib/python3.9/site-packages/starlette/concurrency.py:39: in run_in_threadpool
    return await anyio.to_thread.run_sync(func, *args)
.venv/lib/python3.9/site-packages/anyio/to_thread.py:63: in run_sync
    return await get_async_backend().run_sync_in_worker_thread(
.venv/lib/python3.9/site-packages/anyio/_backends/_asyncio.py:2502: in run_sync_in_worker_thread
    return await future
.venv/lib/python3.9/site-packages/anyio/_backends/_asyncio.py:986: in run
    result = context.run(func, *args)
services/governance_api/app/routers/rulesets.py:102: in activate_ruleset
    activated = GOVERNANCE_SERVICE.activate_ruleset(
services/governance_api/app/repositories/governance_repository.py:1620: in activate_ruleset
    _block("APPROVAL_MISSING", "change request not found", 409, "missing_change_request")
_ _ _ _ _ _ _ _ _ _ _ _ _ _ _ _ _ _ _ _ _ _ _ _ _ _ _ _ _ _ _ _ _ _ _ _ _ _ _ _ 

code = 'APPROVAL_MISSING', message = 'change request not found'
status_code = 409, gate_reason = 'missing_change_request'

    def _block(code: str, message: str, status_code: int, gate_reason: str) -&gt; None:
        task_run_id = None
        if isinstance(change, dict):
            task_run_id = change.get("candidate_task_id")
        self._append_audit_event(
            event_type="ruleset_activation_blocked",
            caller=caller,
            payload={
                "ruleset_id": ruleset_id,
                "change_id": change_id,
                "task_run_id": task_run_id,
                "reason": reason,
                "gate_reason": gate_reason,
                "gate_code": code,
            },
            related_change_id=change_id if isinstance(change, dict) else None,
        )
&gt;       raise GovernanceGateError(code=code, message=message, status_code=status_code)
E       services.governance_api.app.repositories.governance_repository.GovernanceGateError: change request not found

services/governance_api/app/repositories/governance_repository.py:1614: GovernanceGateError</failure></testcase><testcase classname="services.governance_api.tests.test_rulesets_postgres_integration" name="test_activate_ruleset_requires_approved_change_request_postgres" time="0.060"><failure message="sqlalchemy.exc.ProgrammingError: (psycopg2.errors.WrongObjectType) cannot create index on relation &quot;addr_workpackage_publish&quot;&#10;DETAIL:  This operation is not supported for views.&#10;&#10;[SQL: CREATE INDEX IF NOT EXISTS idx_addr_raw_hash ON addr_raw(raw_hash);&#10;CREATE INDEX IF NOT EXISTS idx_addr_raw_text_trgm ON addr_raw USING gin(raw_text gin_trgm_ops);&#10;CREATE INDEX IF NOT EXISTS idx_addr_canonical_text_trgm ON addr_canonical USING gin(canon_text gin_trgm_ops);&#10;CREATE INDEX IF NOT EXISTS idx_addr_task_run_status ON addr_task_run(task_id, status);&#10;CREATE INDEX IF NOT EXISTS idx_addr_change_request_status ON addr_change_request(status, created_at DESC);&#10;CREATE INDEX IF NOT EXISTS idx_addr_change_request_to_ruleset ON addr_change_request(to_ruleset_id, created_at DESC);&#10;CREATE INDEX IF NOT EXISTS idx_addr_audit_event_change ON addr_audit_event(related_change_id, created_at DESC);&#10;CREATE INDEX IF NOT EXISTS idx_addr_workpackage_publish_key ON addr_workpackage_publish(workpackage_id, version);&#10;CREATE INDEX IF NOT EXISTS idx_addr_observation_event_trace ON addr_observation_event(trace_id, created_at DESC);&#10;CREATE INDEX IF NOT EXISTS idx_addr_observation_event_type ON addr_observation_event(source_service, event_type, created_at DESC);&#10;CREATE INDEX IF NOT EXISTS idx_addr_observation_metric_name_window ON addr_observation_metric(metric_name, window_end DESC);&#10;CREATE INDEX IF NOT EXISTS idx_addr_alert_event_status_created ON addr_alert_event(status, created_at DESC);&#10;&#10;DO $$&#10;BEGIN&#10;    IF NOT EXISTS (&#10;        SELECT 1&#10;        FROM pg_constraint&#10;        WHERE conname = 'chk_addr_review_status'&#10;    ) THEN&#10;        ALTER TABLE addr_review&#10;            ADD CONSTRAINT chk_addr_review_status&#10;            CHECK (review_status IN ('approved', 'rejected', 'edited'));&#10;    END IF;&#10;END $$;&#10;&#10;DO $$&#10;BEGIN&#10;    IF NOT EXISTS (&#10;        SELECT 1&#10;        FROM pg_constraint&#10;        WHERE conname = 'chk_addr_change_request_status'&#10;    ) THEN&#10;        ALTER TABLE addr_change_request&#10;            ADD CONSTRAINT chk_addr_change_request_status&#10;            CHECK (status IN ('pending', 'approved', 'rejected'));&#10;    END IF;&#10;END $$;&#10;&#10;DO $$&#10;BEGIN&#10;    IF NOT EXISTS (&#10;        SELECT 1&#10;        FROM pg_constraint&#10;        WHERE conname = 'chk_addr_task_retry_count'&#10;    ) THEN&#10;        ALTER TABLE addr_task_run&#10;            ADD CONSTRAINT chk_addr_task_retry_count&#10;            CHECK (retry_count &gt;= 0);&#10;    END IF;&#10;END $$;&#10;]&#10;(Background on this error at: https://sqlalche.me/e/20/f405)">self = &lt;sqlalchemy.engine.base.Connection object at 0x1105b0820&gt;
dialect = &lt;sqlalchemy.dialects.postgresql.psycopg2.PGDialect_psycopg2 object at 0x1105b0760&gt;
context = &lt;sqlalchemy.dialects.postgresql.psycopg2.PGExecutionContext_psycopg2 object at 0x1103e7e80&gt;
statement = &lt;sqlalchemy.dialects.postgresql.base.PGCompiler object at 0x1103e7d30&gt;
parameters = [{}]

    def _exec_single_context(
        self,
        dialect: Dialect,
        context: ExecutionContext,
        statement: Union[str, Compiled],
        parameters: Optional[_AnyMultiExecuteParams],
    ) -&gt; CursorResult[Any]:
        """continue the _execute_context() method for a single DBAPI
        cursor.execute() or cursor.executemany() call.
    
        """
        if dialect.bind_typing is BindTyping.SETINPUTSIZES:
            generic_setinputsizes = context._prepare_set_input_sizes()
    
            if generic_setinputsizes:
                try:
                    dialect.do_set_input_sizes(
                        context.cursor, generic_setinputsizes, context
                    )
                except BaseException as e:
                    self._handle_dbapi_exception(
                        e, str(statement), parameters, None, context
                    )
    
        cursor, str_statement, parameters = (
            context.cursor,
            context.statement,
            context.parameters,
        )
    
        effective_parameters: Optional[_AnyExecuteParams]
    
        if not context.executemany:
            effective_parameters = parameters[0]
        else:
            effective_parameters = parameters
    
        if self._has_events or self.engine._has_events:
            for fn in self.dispatch.before_cursor_execute:
                str_statement, effective_parameters = fn(
                    self,
                    cursor,
                    str_statement,
                    effective_parameters,
                    context,
                    context.executemany,
                )
    
        if self._echo:
            self._log_info(str_statement)
    
            stats = context._get_cache_stats()
    
            if not self.engine.hide_parameters:
                self._log_info(
                    "[%s] %r",
                    stats,
                    sql_util._repr_params(
                        effective_parameters,
                        batches=10,
                        ismulti=context.executemany,
                    ),
                )
            else:
                self._log_info(
                    "[%s] [SQL parameters hidden due to hide_parameters=True]",
                    stats,
                )
    
        evt_handled: bool = False
        try:
            if context.execute_style is ExecuteStyle.EXECUTEMANY:
                effective_parameters = cast(
                    "_CoreMultiExecuteParams", effective_parameters
                )
                if self.dialect._has_events:
                    for fn in self.dialect.dispatch.do_executemany:
                        if fn(
                            cursor,
                            str_statement,
                            effective_parameters,
                            context,
                        ):
                            evt_handled = True
                            break
                if not evt_handled:
                    self.dialect.do_executemany(
                        cursor,
                        str_statement,
                        effective_parameters,
                        context,
                    )
            elif not effective_parameters and context.no_parameters:
                if self.dialect._has_events:
                    for fn in self.dialect.dispatch.do_execute_no_params:
                        if fn(cursor, str_statement, context):
                            evt_handled = True
                            break
                if not evt_handled:
                    self.dialect.do_execute_no_params(
                        cursor, str_statement, context
                    )
            else:
                effective_parameters = cast(
                    "_CoreSingleExecuteParams", effective_parameters
                )
                if self.dialect._has_events:
                    for fn in self.dialect.dispatch.do_execute:
                        if fn(
                            cursor,
                            str_statement,
                            effective_parameters,
                            context,
                        ):
                            evt_handled = True
                            break
                if not evt_handled:
&gt;                   self.dialect.do_execute(
                        cursor, str_statement, effective_parameters, context
                    )

.venv/lib/python3.9/site-packages/sqlalchemy/engine/base.py:1967: 
_ _ _ _ _ _ _ _ _ _ _ _ _ _ _ _ _ _ _ _ _ _ _ _ _ _ _ _ _ _ _ _ _ _ _ _ _ _ _ _ 

self = &lt;sqlalchemy.dialects.postgresql.psycopg2.PGDialect_psycopg2 object at 0x1105b0760&gt;
cursor = &lt;cursor object at 0x10b793310; closed: -1&gt;
statement = 'CREATE INDEX IF NOT EXISTS idx_addr_raw_hash ON addr_raw(raw_hash);\nCREATE INDEX IF NOT EXISTS idx_addr_raw_text_trg...n\n            ADD CONSTRAINT chk_addr_task_retry_count\n            CHECK (retry_count &gt;= 0);\n    END IF;\nEND $$;\n'
parameters = {}
context = &lt;sqlalchemy.dialects.postgresql.psycopg2.PGExecutionContext_psycopg2 object at 0x1103e7e80&gt;

    def do_execute(self, cursor, statement, parameters, context=None):
&gt;       cursor.execute(statement, parameters)
E       psycopg2.errors.WrongObjectType: cannot create index on relation "addr_workpackage_publish"
E       DETAIL:  This operation is not supported for views.

.venv/lib/python3.9/site-packages/sqlalchemy/engine/default.py:941: WrongObjectType

The above exception was the direct cause of the following exception:

    def test_activate_ruleset_requires_approved_change_request_postgres() -&gt; None:
        database_url = _database_url()
        assert database_url.startswith("postgresql"), "requires DATABASE_URL=postgresql://... for real DB integration"
    
&gt;       _apply_schema(database_url)

services/governance_api/tests/test_rulesets_postgres_integration.py:34: 
_ _ _ _ _ _ _ _ _ _ _ _ _ _ _ _ _ _ _ _ _ _ _ _ _ _ _ _ _ _ _ _ _ _ _ _ _ _ _ _ 
services/governance_api/tests/test_rulesets_postgres_integration.py:27: in _apply_schema
    conn.execute(text(sql_path.read_text(encoding="utf-8")))
.venv/lib/python3.9/site-packages/sqlalchemy/engine/base.py:1418: in execute
    return meth(
.venv/lib/python3.9/site-packages/sqlalchemy/sql/elements.py:515: in _execute_on_connection
    return connection._execute_clauseelement(
.venv/lib/python3.9/site-packages/sqlalchemy/engine/base.py:1640: in _execute_clauseelement
    ret = self._execute_context(
.venv/lib/python3.9/site-packages/sqlalchemy/engine/base.py:1846: in _execute_context
    return self._exec_single_context(
.venv/lib/python3.9/site-packages/sqlalchemy/engine/base.py:1986: in _exec_single_context
    self._handle_dbapi_exception(
.venv/lib/python3.9/site-packages/sqlalchemy/engine/base.py:2355: in _handle_dbapi_exception
    raise sqlalchemy_exception.with_traceback(exc_info[2]) from e
.venv/lib/python3.9/site-packages/sqlalchemy/engine/base.py:1967: in _exec_single_context
    self.dialect.do_execute(
_ _ _ _ _ _ _ _ _ _ _ _ _ _ _ _ _ _ _ _ _ _ _ _ _ _ _ _ _ _ _ _ _ _ _ _ _ _ _ _ 

self = &lt;sqlalchemy.dialects.postgresql.psycopg2.PGDialect_psycopg2 object at 0x1105b0760&gt;
cursor = &lt;cursor object at 0x10b793310; closed: -1&gt;
statement = 'CREATE INDEX IF NOT EXISTS idx_addr_raw_hash ON addr_raw(raw_hash);\nCREATE INDEX IF NOT EXISTS idx_addr_raw_text_trg...n\n            ADD CONSTRAINT chk_addr_task_retry_count\n            CHECK (retry_count &gt;= 0);\n    END IF;\nEND $$;\n'
parameters = {}
context = &lt;sqlalchemy.dialects.postgresql.psycopg2.PGExecutionContext_psycopg2 object at 0x1103e7e80&gt;

    def do_execute(self, cursor, statement, parameters, context=None):
&gt;       cursor.execute(statement, parameters)
E       sqlalchemy.exc.ProgrammingError: (psycopg2.errors.WrongObjectType) cannot create index on relation "addr_workpackage_publish"
E       DETAIL:  This operation is not supported for views.
E       
E       [SQL: CREATE INDEX IF NOT EXISTS idx_addr_raw_hash ON addr_raw(raw_hash);
E       CREATE INDEX IF NOT EXISTS idx_addr_raw_text_trgm ON addr_raw USING gin(raw_text gin_trgm_ops);
E       CREATE INDEX IF NOT EXISTS idx_addr_canonical_text_trgm ON addr_canonical USING gin(canon_text gin_trgm_ops);
E       CREATE INDEX IF NOT EXISTS idx_addr_task_run_status ON addr_task_run(task_id, status);
E       CREATE INDEX IF NOT EXISTS idx_addr_change_request_status ON addr_change_request(status, created_at DESC);
E       CREATE INDEX IF NOT EXISTS idx_addr_change_request_to_ruleset ON addr_change_request(to_ruleset_id, created_at DESC);
E       CREATE INDEX IF NOT EXISTS idx_addr_audit_event_change ON addr_audit_event(related_change_id, created_at DESC);
E       CREATE INDEX IF NOT EXISTS idx_addr_workpackage_publish_key ON addr_workpackage_publish(workpackage_id, version);
E       CREATE INDEX IF NOT EXISTS idx_addr_observation_event_trace ON addr_observation_event(trace_id, created_at DESC);
E       CREATE INDEX IF NOT EXISTS idx_addr_observation_event_type ON addr_observation_event(source_service, event_type, created_at DESC);
E       CREATE INDEX IF NOT EXISTS idx_addr_observation_metric_name_window ON addr_observation_metric(metric_name, window_end DESC);
E       CREATE INDEX IF NOT EXISTS idx_addr_alert_event_status_created ON addr_alert_event(status, created_at DESC);
E       
E       DO $$
E       BEGIN
E           IF NOT EXISTS (
E               SELECT 1
E               FROM pg_constraint
E               WHERE conname = 'chk_addr_review_status'
E           ) THEN
E               ALTER TABLE addr_review
E                   ADD CONSTRAINT chk_addr_review_status
E                   CHECK (review_status IN ('approved', 'rejected', 'edited'));
E           END IF;
E       END $$;
E       
E       DO $$
E       BEGIN
E           IF NOT EXISTS (
E               SELECT 1
E               FROM pg_constraint
E               WHERE conname = 'chk_addr_change_request_status'
E           ) THEN
E               ALTER TABLE addr_change_request
E                   ADD CONSTRAINT chk_addr_change_request_status
E                   CHECK (status IN ('pending', 'approved', 'rejected'));
E           END IF;
E       END $$;
E       
E       DO $$
E       BEGIN
E           IF NOT EXISTS (
E               SELECT 1
E               FROM pg_constraint
E               WHERE conname = 'chk_addr_task_retry_count'
E           ) THEN
E               ALTER TABLE addr_task_run
E                   ADD CONSTRAINT chk_addr_task_retry_count
E                   CHECK (retry_count &gt;= 0);
E           END IF;
E       END $$;
E       ]
E       (Background on this error at: https://sqlalche.me/e/20/f405)

.venv/lib/python3.9/site-packages/sqlalchemy/engine/default.py:941: ProgrammingError</failure></testcase><testcase classname="services.governance_api.tests.test_runtime_compliance_rbac" name="test_viewer_can_read_detail_but_data_is_masked_and_audited" time="0.106" /><testcase classname="services.governance_api.tests.test_runtime_compliance_rbac" name="test_ack_requires_oncall_or_admin" time="0.007" /><testcase classname="services.governance_api.tests.test_runtime_compliance_rbac" name="test_export_requires_admin_and_audit_query_requires_admin" time="0.076" /><testcase classname="services.governance_api.tests.test_runtime_freshness_latency" name="test_runtime_freshness_latency_summary_contract" time="0.041" /><testcase classname="services.governance_api.tests.test_runtime_freshness_latency" name="test_runtime_freshness_latency_evaluate_contract" time="0.049" /><testcase classname="services.governance_api.tests.test_runtime_llm_interactions_api_contract" name="test_runtime_llm_interactions_api_contract" time="0.018" /><testcase classname="services.governance_api.tests.test_runtime_observability_api_contract" name="test_runtime_summary_api_contract" time="2.609" /><testcase classname="services.governance_api.tests.test_runtime_observability_api_contract" name="test_runtime_risk_distribution_api_contract" time="2.045" /><testcase classname="services.governance_api.tests.test_runtime_observability_api_contract" name="test_runtime_version_compare_api_contract" time="0.004" /><testcase classname="services.governance_api.tests.test_runtime_observability_api_contract" name="test_runtime_tasks_api_contract" time="0.124" /><testcase classname="services.governance_api.tests.test_runtime_observability_api_contract" name="test_runtime_seed_demo_api_contract" time="0.657" /><testcase classname="services.governance_api.tests.test_runtime_observability_api_contract" name="test_runtime_task_detail_api_contract" time="0.033" /><testcase classname="services.governance_api.tests.test_runtime_observability_view" name="test_runtime_observability_view_renders_runtime_sections" time="0.002" /><testcase classname="services.governance_api.tests.test_runtime_performance_governance" name="test_runtime_performance_summary_contract" time="4.784" /><testcase classname="services.governance_api.tests.test_runtime_performance_governance" name="test_runtime_performance_evaluate_contract" time="4.819" /><testcase classname="services.governance_api.tests.test_runtime_publish_domain_guard" name="test_repository_uses_runtime_publish_record_as_primary_store" time="0.001" /><testcase classname="services.governance_api.tests.test_runtime_publish_domain_guard" name="test_acceptance_script_queries_runtime_publish_record" time="0.001" /><testcase classname="services.governance_api.tests.test_runtime_quality_drift" name="test_runtime_quality_drift_summary_contract" time="2.549" /><testcase classname="services.governance_api.tests.test_runtime_quality_drift" name="test_runtime_quality_drift_evaluate_contract" time="2.499" /><testcase classname="services.governance_api.tests.test_runtime_reliability_sli_slo" name="test_runtime_reliability_summary_and_evaluate_contract" time="7.666" /><testcase classname="services.governance_api.tests.test_runtime_reliability_sli_slo" name="test_runtime_reliability_alert_ack_writes_audit_log" time="2.551" /><testcase classname="services.governance_api.tests.test_runtime_upload_batch" name="test_runtime_upload_batch_creates_task_and_visible_in_runtime_tasks" time="0.443" /><testcase classname="services.governance_api.tests.test_runtime_workpackage_events_api_contract" name="test_runtime_workpackage_events_api_contract" time="0.020" /><testcase classname="services.governance_api.tests.test_runtime_workpackage_observability_rbac" name="test_runtime_llm_interactions_viewer_masked_and_admin_full" time="0.031" /><testcase classname="services.governance_api.tests.test_runtime_workpackage_pipeline_api_contract" name="test_runtime_workpackage_pipeline_api_contract" time="0.019" /><testcase classname="services.governance_api.tests.test_runtime_workpackage_pipeline_stability" name="test_runtime_workpackage_pipeline_multi_batch_stability" time="0.238" /><testcase classname="services.governance_api.tests.test_runtime_workpackage_real_chain_from_factory_agent" name="test_runtime_pipeline_observable_from_factory_agent_publish" time="2.730"><failure message="assert None is not None">monkeypatch = &lt;_pytest.monkeypatch.MonkeyPatch object at 0x10f892820&gt;

    def test_runtime_pipeline_observable_from_factory_agent_publish(monkeypatch) -&gt; None:
        agent = FactoryAgent()
    
        class _StubPublishWorkflow:
            @staticmethod
            def run(_prompt: str):
                return {"status": "ok", "runtime": {"status": "published", "receipt_id": "receipt_real_chain"}}
    
        monkeypatch.setattr(agent, "_publish_workflow", _StubPublishWorkflow())
        monkeypatch.setattr(
            agent,
            "_collect_workpackage_metadata",
            lambda _bundle_name: {
                "version": "v9.9.9",
                "checksum": "realchainchecksum",
                "skills_count": 3,
                "artifact_count": 7,
            },
        )
    
        result = agent._handle_publish_workpackage("发布 realchain-v9.9.9 到 runtime")
        assert result["status"] == "ok"
    
        client = TestClient(app)
        resp = client.get("/v1/governance/observability/runtime/workpackage-pipeline?window=24h")
        assert resp.status_code == 200
        payload = resp.json()
        rows = payload.get("items") or []
        target = next((row for row in rows if str(row.get("workpackage_id") or "") == "realchain-v9.9.9"), None)
&gt;       assert target is not None
E       assert None is not None

services/governance_api/tests/test_runtime_workpackage_real_chain_from_factory_agent.py:42: AssertionError</failure></testcase><testcase classname="services.governance_api.tests.test_runtime_workpackage_real_chain_from_factory_agent" name="test_runtime_llm_interactions_observable_from_factory_agent_confirmation" time="0.634" /><testcase classname="services.governance_api.tests.test_runtime_workpackage_seed_demo" name="test_runtime_seed_workpackage_demo_api_contract" time="0.108" /><testcase classname="services.governance_api.tests.test_schema_validation" name="test_schema_files_exist_and_have_required_keys" time="0.001" /><testcase classname="services.governance_api.tests.test_tasks_api" name="test_submit_task_and_query_result" time="1.048" /><testcase classname="services.governance_api.tests.test_tasks_api" name="test_submit_task_enqueue_failure_marks_blocked" time="0.013" /><testcase classname="services.governance_api.tests.test_trust_data_naming_guard" name="test_runtime_paths_use_trust_data_instead_of_trust_db" time="0.003" /><testcase classname="services.governance_api.tests.test_workpackage_publish_api" name="test_get_workpackage_publish_record_success" time="0.009" /><testcase classname="services.governance_api.tests.test_workpackage_publish_api" name="test_get_workpackage_publish_record_not_found" time="0.003" /><testcase classname="services.governance_api.tests.test_workpackage_publish_api" name="test_list_workpackage_publish_versions_with_status_filter" time="0.009" /><testcase classname="services.governance_api.tests.test_workpackage_publish_api" name="test_compare_workpackage_publish_versions_api" time="0.007" /><testcase classname="services.governance_api.tests.test_workpackage_publish_e2e_flow" name="test_agent_publish_then_query_api_end_to_end" time="0.577"><failure message="AssertionError: assert 'blocked' == 'ok'&#10;  &#10;  - ok&#10;  + blocked">tmp_path = PosixPath('/private/var/folders/ly/16mz3gsd79x4g1c4y87r98f8gr4tlw/T/pytest-of-01411043/pytest-18/test_agent_publish_then_query_0')
monkeypatch = &lt;_pytest.monkeypatch.MonkeyPatch object at 0x10f894e20&gt;

    def test_agent_publish_then_query_api_end_to_end(tmp_path, monkeypatch) -&gt; None:
        monkeypatch.chdir(tmp_path)
        bundle_v300 = Path("workpackages/bundles/e2e-demo-v3.0.0")
        bundle_v300.mkdir(parents=True, exist_ok=True)
        (bundle_v300 / "workpackage.json").write_text(
            '{"name":"e2e-demo","version":"v3.0.0","sources":["gaode","baidu"]}',
            encoding="utf-8",
        )
        (bundle_v300 / "entrypoint.sh").write_text("#!/usr/bin/env bash\necho ok\n", encoding="utf-8")
        (bundle_v300 / "skills").mkdir(exist_ok=True)
        (bundle_v300 / "observability").mkdir(exist_ok=True)
        bundle_v310 = Path("workpackages/bundles/e2e-demo-v3.1.0")
        bundle_v310.mkdir(parents=True, exist_ok=True)
        (bundle_v310 / "workpackage.json").write_text(
            '{"name":"e2e-demo","version":"v3.1.0","sources":["gaode","baidu","amap"]}',
            encoding="utf-8",
        )
        (bundle_v310 / "entrypoint.sh").write_text("#!/usr/bin/env bash\necho ok\n", encoding="utf-8")
        (bundle_v310 / "skills").mkdir(exist_ok=True)
        (bundle_v310 / "observability").mkdir(exist_ok=True)
    
        agent = FactoryAgent()
        publish_v300 = agent.converse("发布 e2e-demo-v3.0.0 到 runtime")
        publish_v310 = agent.converse("发布 e2e-demo-v3.1.0 到 runtime")
        blocked = agent.converse("发布 e2e-missing-v9.9.9 到 runtime")
&gt;       assert publish_v300["status"] == "ok"
E       AssertionError: assert 'blocked' == 'ok'
E         
E         - ok
E         + blocked

/Users/01411043/code/spatial-intelligence-data-factory/services/governance_api/tests/test_workpackage_publish_e2e_flow.py:39: AssertionError</failure></testcase><testcase classname="services.governance_api.tests.test_workpackage_publish_repository" name="test_upsert_and_get_workpackage_publish_record" time="0.003" /><testcase classname="services.governance_api.tests.test_workpackage_publish_repository" name="test_upsert_workpackage_publish_updates_existing_version" time="0.004" /><testcase classname="services.governance_api.tests.test_workpackage_publish_repository" name="test_list_workpackage_publish_records_with_filters" time="0.004" /><testcase classname="services.governance_api.tests.test_workpackage_publish_repository" name="test_compare_workpackage_publish_versions" time="0.004" /><testcase classname="services.governance_worker.tests.test_governance_job_blocked_audit" name="test_governance_job_marks_blocked_and_logs_audit" time="0.002" /><testcase classname="services.governance_worker.tests.test_governance_job_flow" name="test_governance_job_run_updates_task_status" time="0.435" /><testcase classname="services.governance_worker.tests.test_governance_job_runtime_gate" name="test_governance_job_runs_without_runtime_strict_env_side_effect" time="0.002" /><testcase classname="services.governance_worker.tests.test_governance_job_trust_provider" name="test_governance_job_passes_trust_provider_when_ruleset_declares_trust" time="0.002" /><testcase classname="services.governance_worker.tests.test_governance_job_trust_provider" name="test_governance_job_blocks_when_trust_required_but_provider_unavailable" time="0.002" /><testcase classname="services.governance_worker.tests.test_retry_and_deadletter" name="test_enqueue_without_queue_mode_fails_fast" time="0.000" /><testcase classname="services.governance_worker.tests.test_retry_and_deadletter" name="test_enqueue_unknown_mode_is_unsupported" time="0.000" /><testcase classname="services.governance_worker.tests.test_retry_and_deadletter" name="test_enqueue_rq_mode_returns_error_when_rq_unavailable" time="0.083" /><testcase classname="services.governance_worker.tests.test_task_state_machine" name="test_valid_state_transition" time="0.000" /><testcase classname="services.governance_worker.tests.test_task_state_machine" name="test_invalid_state_transition" time="0.000" /><testcase classname="services.governance_worker.tests.test_task_state_machine" name="test_blocked_state_transition" time="0.000" /><testcase classname="services.trust_data_hub.tests.test_trust_data_hub_api" name="test_four_buttons_workflow_and_audit_chain" time="0.049"><failure message="sqlalchemy.exc.ProgrammingError: (psycopg2.errors.UndefinedTable) relation &quot;trust_meta.source_registry&quot; does not exist&#10;LINE 2:                     INSERT INTO trust_meta.source_registry&#10;                                        ^&#10;&#10;[SQL: &#10;                    INSERT INTO trust_meta.source_registry&#10;                    (namespace_id, source_id, name, category, trust_level, license, entrypoint, update_frequency,&#10;                     fetch_method, parser_profile, validator_profile, enabled, allowed_use_notes, access_mode,&#10;                     robots_tos_flags, created_at, updated_at)&#10;                    VALUES&#10;                    (%(namespace_id)s, %(source_id)s, %(name)s, %(category)s, %(trust_level)s, %(license)s, %(entrypoint)s, %(update_frequency)s,&#10;                     %(fetch_method)s, CAST(%(parser_profile)s AS jsonb), CAST(%(validator_profile)s AS jsonb), %(enabled)s,&#10;                     %(allowed_use_notes)s, %(access_mode)s, CAST(%(robots_tos_flags)s AS jsonb), NOW(), NOW())&#10;                    ON CONFLICT (namespace_id, source_id)&#10;                    DO UPDATE SET&#10;                      name = EXCLUDED.name,&#10;                      category = EXCLUDED.category,&#10;                      trust_level = EXCLUDED.trust_level,&#10;                      license = EXCLUDED.license,&#10;                      entrypoint = EXCLUDED.entrypoint,&#10;                      update_frequency = EXCLUDED.update_frequency,&#10;                      fetch_method = EXCLUDED.fetch_method,&#10;                      parser_profile = EXCLUDED.parser_profile,&#10;                      validator_profile = EXCLUDED.validator_profile,&#10;                      enabled = EXCLUDED.enabled,&#10;                      allowed_use_notes = EXCLUDED.allowed_use_notes,&#10;                      access_mode = EXCLUDED.access_mode,&#10;                      robots_tos_flags = EXCLUDED.robots_tos_flags,&#10;                      updated_at = NOW()&#10;                    ]&#10;[parameters: {'namespace_id': 'system.trust', 'source_id': 'src-admin-001', 'name': 'test-source', 'category': 'admin_division', 'trust_level': 'authoritative', 'license': 'ODbL', 'entrypoint': 'fixture://admin_division', 'update_frequency': 'daily', 'fetch_method': 'download', 'parser_profile': '{&quot;dataset_variant&quot;: &quot;admin_v1&quot;}', 'validator_profile': '{&quot;max_null_ratio&quot;: 0.2}', 'enabled': True, 'allowed_use_notes': 'cache allowed', 'access_mode': 'download', 'robots_tos_flags': '{&quot;allow_automation&quot;: true, &quot;require_attribution&quot;: true}'}]&#10;(Background on this error at: https://sqlalche.me/e/20/f405)">self = &lt;sqlalchemy.engine.base.Connection object at 0x11080fc10&gt;
dialect = &lt;sqlalchemy.dialects.postgresql.psycopg2.PGDialect_psycopg2 object at 0x11080ffa0&gt;
context = &lt;sqlalchemy.dialects.postgresql.psycopg2.PGExecutionContext_psycopg2 object at 0x110802eb0&gt;
statement = &lt;sqlalchemy.dialects.postgresql.base.PGCompiler object at 0x11080f070&gt;
parameters = [{'access_mode': 'download', 'allowed_use_notes': 'cache allowed', 'category': 'admin_division', 'enabled': True, ...}]

    def _exec_single_context(
        self,
        dialect: Dialect,
        context: ExecutionContext,
        statement: Union[str, Compiled],
        parameters: Optional[_AnyMultiExecuteParams],
    ) -&gt; CursorResult[Any]:
        """continue the _execute_context() method for a single DBAPI
        cursor.execute() or cursor.executemany() call.
    
        """
        if dialect.bind_typing is BindTyping.SETINPUTSIZES:
            generic_setinputsizes = context._prepare_set_input_sizes()
    
            if generic_setinputsizes:
                try:
                    dialect.do_set_input_sizes(
                        context.cursor, generic_setinputsizes, context
                    )
                except BaseException as e:
                    self._handle_dbapi_exception(
                        e, str(statement), parameters, None, context
                    )
    
        cursor, str_statement, parameters = (
            context.cursor,
            context.statement,
            context.parameters,
        )
    
        effective_parameters: Optional[_AnyExecuteParams]
    
        if not context.executemany:
            effective_parameters = parameters[0]
        else:
            effective_parameters = parameters
    
        if self._has_events or self.engine._has_events:
            for fn in self.dispatch.before_cursor_execute:
                str_statement, effective_parameters = fn(
                    self,
                    cursor,
                    str_statement,
                    effective_parameters,
                    context,
                    context.executemany,
                )
    
        if self._echo:
            self._log_info(str_statement)
    
            stats = context._get_cache_stats()
    
            if not self.engine.hide_parameters:
                self._log_info(
                    "[%s] %r",
                    stats,
                    sql_util._repr_params(
                        effective_parameters,
                        batches=10,
                        ismulti=context.executemany,
                    ),
                )
            else:
                self._log_info(
                    "[%s] [SQL parameters hidden due to hide_parameters=True]",
                    stats,
                )
    
        evt_handled: bool = False
        try:
            if context.execute_style is ExecuteStyle.EXECUTEMANY:
                effective_parameters = cast(
                    "_CoreMultiExecuteParams", effective_parameters
                )
                if self.dialect._has_events:
                    for fn in self.dialect.dispatch.do_executemany:
                        if fn(
                            cursor,
                            str_statement,
                            effective_parameters,
                            context,
                        ):
                            evt_handled = True
                            break
                if not evt_handled:
                    self.dialect.do_executemany(
                        cursor,
                        str_statement,
                        effective_parameters,
                        context,
                    )
            elif not effective_parameters and context.no_parameters:
                if self.dialect._has_events:
                    for fn in self.dialect.dispatch.do_execute_no_params:
                        if fn(cursor, str_statement, context):
                            evt_handled = True
                            break
                if not evt_handled:
                    self.dialect.do_execute_no_params(
                        cursor, str_statement, context
                    )
            else:
                effective_parameters = cast(
                    "_CoreSingleExecuteParams", effective_parameters
                )
                if self.dialect._has_events:
                    for fn in self.dialect.dispatch.do_execute:
                        if fn(
                            cursor,
                            str_statement,
                            effective_parameters,
                            context,
                        ):
                            evt_handled = True
                            break
                if not evt_handled:
&gt;                   self.dialect.do_execute(
                        cursor, str_statement, effective_parameters, context
                    )

.venv/lib/python3.9/site-packages/sqlalchemy/engine/base.py:1967: 
_ _ _ _ _ _ _ _ _ _ _ _ _ _ _ _ _ _ _ _ _ _ _ _ _ _ _ _ _ _ _ _ _ _ _ _ _ _ _ _ 

self = &lt;sqlalchemy.dialects.postgresql.psycopg2.PGDialect_psycopg2 object at 0x11080ffa0&gt;
cursor = &lt;cursor object at 0x11091cc70; closed: -1&gt;
statement = '\n                    INSERT INTO trust_meta.source_registry\n                    (namespace_id, source_id, name, cat...         robots_tos_flags = EXCLUDED.robots_tos_flags,\n                      updated_at = NOW()\n                    '
parameters = {'access_mode': 'download', 'allowed_use_notes': 'cache allowed', 'category': 'admin_division', 'enabled': True, ...}
context = &lt;sqlalchemy.dialects.postgresql.psycopg2.PGExecutionContext_psycopg2 object at 0x110802eb0&gt;

    def do_execute(self, cursor, statement, parameters, context=None):
&gt;       cursor.execute(statement, parameters)
E       psycopg2.errors.UndefinedTable: relation "trust_meta.source_registry" does not exist
E       LINE 2:                     INSERT INTO trust_meta.source_registry
E                                               ^

.venv/lib/python3.9/site-packages/sqlalchemy/engine/default.py:941: UndefinedTable

The above exception was the direct cause of the following exception:

    def test_four_buttons_workflow_and_audit_chain() -&gt; None:
        namespace = "system.trust"
        source_id = "src-admin-001"
&gt;       _register_source(namespace, source_id)

services/trust_data_hub/tests/test_trust_data_hub_api.py:35: 
_ _ _ _ _ _ _ _ _ _ _ _ _ _ _ _ _ _ _ _ _ _ _ _ _ _ _ _ _ _ _ _ _ _ _ _ _ _ _ _ 
services/trust_data_hub/tests/test_trust_data_hub_api.py:11: in _register_source
    resp = client.put(
.venv/lib/python3.9/site-packages/starlette/testclient.py:626: in put
    return super().put(
.venv/lib/python3.9/site-packages/httpx/_client.py:1181: in put
    return self.request(
.venv/lib/python3.9/site-packages/starlette/testclient.py:484: in request
    return super().request(
.venv/lib/python3.9/site-packages/httpx/_client.py:825: in request
    return self.send(request, auth=auth, follow_redirects=follow_redirects)
.venv/lib/python3.9/site-packages/httpx/_client.py:914: in send
    response = self._send_handling_auth(
.venv/lib/python3.9/site-packages/httpx/_client.py:942: in _send_handling_auth
    response = self._send_handling_redirects(
.venv/lib/python3.9/site-packages/httpx/_client.py:979: in _send_handling_redirects
    response = self._send_single_request(request)
.venv/lib/python3.9/site-packages/httpx/_client.py:1014: in _send_single_request
    response = transport.handle_request(request)
.venv/lib/python3.9/site-packages/starlette/testclient.py:377: in handle_request
    raise exc
.venv/lib/python3.9/site-packages/starlette/testclient.py:374: in handle_request
    portal.call(self.app, scope, receive, send)
.venv/lib/python3.9/site-packages/anyio/from_thread.py:334: in call
    return cast(T_Retval, self.start_task_soon(func, *args).result())
/Library/Developer/CommandLineTools/Library/Frameworks/Python3.framework/Versions/3.9/lib/python3.9/concurrent/futures/_base.py:445: in result
    return self.__get_result()
/Library/Developer/CommandLineTools/Library/Frameworks/Python3.framework/Versions/3.9/lib/python3.9/concurrent/futures/_base.py:390: in __get_result
    raise self._exception
.venv/lib/python3.9/site-packages/anyio/from_thread.py:259: in _call_func
    retval = await retval_or_awaitable
.venv/lib/python3.9/site-packages/fastapi/applications.py:1054: in __call__
    await super().__call__(scope, receive, send)
.venv/lib/python3.9/site-packages/starlette/applications.py:113: in __call__
    await self.middleware_stack(scope, receive, send)
.venv/lib/python3.9/site-packages/starlette/middleware/errors.py:187: in __call__
    raise exc
.venv/lib/python3.9/site-packages/starlette/middleware/errors.py:165: in __call__
    await self.app(scope, receive, _send)
.venv/lib/python3.9/site-packages/starlette/middleware/exceptions.py:62: in __call__
    await wrap_app_handling_exceptions(self.app, conn)(scope, receive, send)
.venv/lib/python3.9/site-packages/starlette/_exception_handler.py:53: in wrapped_app
    raise exc
.venv/lib/python3.9/site-packages/starlette/_exception_handler.py:42: in wrapped_app
    await app(scope, receive, sender)
.venv/lib/python3.9/site-packages/starlette/routing.py:715: in __call__
    await self.middleware_stack(scope, receive, send)
.venv/lib/python3.9/site-packages/starlette/routing.py:735: in app
    await route.handle(scope, receive, send)
.venv/lib/python3.9/site-packages/starlette/routing.py:288: in handle
    await self.app(scope, receive, send)
.venv/lib/python3.9/site-packages/starlette/routing.py:76: in app
    await wrap_app_handling_exceptions(app, request)(scope, receive, send)
.venv/lib/python3.9/site-packages/starlette/_exception_handler.py:53: in wrapped_app
    raise exc
.venv/lib/python3.9/site-packages/starlette/_exception_handler.py:42: in wrapped_app
    await app(scope, receive, sender)
.venv/lib/python3.9/site-packages/starlette/routing.py:73: in app
    response = await f(request)
.venv/lib/python3.9/site-packages/fastapi/routing.py:301: in app
    raw_response = await run_endpoint_function(
.venv/lib/python3.9/site-packages/fastapi/routing.py:214: in run_endpoint_function
    return await run_in_threadpool(dependant.call, **values)
.venv/lib/python3.9/site-packages/starlette/concurrency.py:39: in run_in_threadpool
    return await anyio.to_thread.run_sync(func, *args)
.venv/lib/python3.9/site-packages/anyio/to_thread.py:63: in run_sync
    return await get_async_backend().run_sync_in_worker_thread(
.venv/lib/python3.9/site-packages/anyio/_backends/_asyncio.py:2502: in run_sync_in_worker_thread
    return await future
.venv/lib/python3.9/site-packages/anyio/_backends/_asyncio.py:986: in run
    result = context.run(func, *args)
services/trust_data_hub/app/routers/admin.py:15: in upsert_source
    return trust_repository.upsert_source(namespace, source_id, payload.model_dump())
services/trust_data_hub/app/repositories/trust_repository.py:181: in upsert_source
    self._metadb.upsert_source(namespace, source_id, row)
services/trust_data_hub/app/repositories/metadb_persister.py:27: in upsert_source
    conn.execute(
.venv/lib/python3.9/site-packages/sqlalchemy/engine/base.py:1418: in execute
    return meth(
.venv/lib/python3.9/site-packages/sqlalchemy/sql/elements.py:515: in _execute_on_connection
    return connection._execute_clauseelement(
.venv/lib/python3.9/site-packages/sqlalchemy/engine/base.py:1640: in _execute_clauseelement
    ret = self._execute_context(
.venv/lib/python3.9/site-packages/sqlalchemy/engine/base.py:1846: in _execute_context
    return self._exec_single_context(
.venv/lib/python3.9/site-packages/sqlalchemy/engine/base.py:1986: in _exec_single_context
    self._handle_dbapi_exception(
.venv/lib/python3.9/site-packages/sqlalchemy/engine/base.py:2355: in _handle_dbapi_exception
    raise sqlalchemy_exception.with_traceback(exc_info[2]) from e
.venv/lib/python3.9/site-packages/sqlalchemy/engine/base.py:1967: in _exec_single_context
    self.dialect.do_execute(
_ _ _ _ _ _ _ _ _ _ _ _ _ _ _ _ _ _ _ _ _ _ _ _ _ _ _ _ _ _ _ _ _ _ _ _ _ _ _ _ 

self = &lt;sqlalchemy.dialects.postgresql.psycopg2.PGDialect_psycopg2 object at 0x11080ffa0&gt;
cursor = &lt;cursor object at 0x11091cc70; closed: -1&gt;
statement = '\n                    INSERT INTO trust_meta.source_registry\n                    (namespace_id, source_id, name, cat...         robots_tos_flags = EXCLUDED.robots_tos_flags,\n                      updated_at = NOW()\n                    '
parameters = {'access_mode': 'download', 'allowed_use_notes': 'cache allowed', 'category': 'admin_division', 'enabled': True, ...}
context = &lt;sqlalchemy.dialects.postgresql.psycopg2.PGExecutionContext_psycopg2 object at 0x110802eb0&gt;

    def do_execute(self, cursor, statement, parameters, context=None):
&gt;       cursor.execute(statement, parameters)
E       sqlalchemy.exc.ProgrammingError: (psycopg2.errors.UndefinedTable) relation "trust_meta.source_registry" does not exist
E       LINE 2:                     INSERT INTO trust_meta.source_registry
E                                               ^
E       
E       [SQL: 
E                           INSERT INTO trust_meta.source_registry
E                           (namespace_id, source_id, name, category, trust_level, license, entrypoint, update_frequency,
E                            fetch_method, parser_profile, validator_profile, enabled, allowed_use_notes, access_mode,
E                            robots_tos_flags, created_at, updated_at)
E                           VALUES
E                           (%(namespace_id)s, %(source_id)s, %(name)s, %(category)s, %(trust_level)s, %(license)s, %(entrypoint)s, %(update_frequency)s,
E                            %(fetch_method)s, CAST(%(parser_profile)s AS jsonb), CAST(%(validator_profile)s AS jsonb), %(enabled)s,
E                            %(allowed_use_notes)s, %(access_mode)s, CAST(%(robots_tos_flags)s AS jsonb), NOW(), NOW())
E                           ON CONFLICT (namespace_id, source_id)
E                           DO UPDATE SET
E                             name = EXCLUDED.name,
E                             category = EXCLUDED.category,
E                             trust_level = EXCLUDED.trust_level,
E                             license = EXCLUDED.license,
E                             entrypoint = EXCLUDED.entrypoint,
E                             update_frequency = EXCLUDED.update_frequency,
E                             fetch_method = EXCLUDED.fetch_method,
E                             parser_profile = EXCLUDED.parser_profile,
E                             validator_profile = EXCLUDED.validator_profile,
E                             enabled = EXCLUDED.enabled,
E                             allowed_use_notes = EXCLUDED.allowed_use_notes,
E                             access_mode = EXCLUDED.access_mode,
E                             robots_tos_flags = EXCLUDED.robots_tos_flags,
E                             updated_at = NOW()
E                           ]
E       [parameters: {'namespace_id': 'system.trust', 'source_id': 'src-admin-001', 'name': 'test-source', 'category': 'admin_division', 'trust_level': 'authoritative', 'license': 'ODbL', 'entrypoint': 'fixture://admin_division', 'update_frequency': 'daily', 'fetch_method': 'download', 'parser_profile': '{"dataset_variant": "admin_v1"}', 'validator_profile': '{"max_null_ratio": 0.2}', 'enabled': True, 'allowed_use_notes': 'cache allowed', 'access_mode': 'download', 'robots_tos_flags': '{"allow_automation": true, "require_attribution": true}'}]
E       (Background on this error at: https://sqlalche.me/e/20/f405)

.venv/lib/python3.9/site-packages/sqlalchemy/engine/default.py:941: ProgrammingError</failure></testcase><testcase classname="services.trust_data_hub.tests.test_trust_data_hub_api" name="test_publish_requires_validation" time="0.023"><failure message="sqlalchemy.exc.ProgrammingError: (psycopg2.errors.UndefinedTable) relation &quot;trust_meta.source_registry&quot; does not exist&#10;LINE 2:                     INSERT INTO trust_meta.source_registry&#10;                                        ^&#10;&#10;[SQL: &#10;                    INSERT INTO trust_meta.source_registry&#10;                    (namespace_id, source_id, name, category, trust_level, license, entrypoint, update_frequency,&#10;                     fetch_method, parser_profile, validator_profile, enabled, allowed_use_notes, access_mode,&#10;                     robots_tos_flags, created_at, updated_at)&#10;                    VALUES&#10;                    (%(namespace_id)s, %(source_id)s, %(name)s, %(category)s, %(trust_level)s, %(license)s, %(entrypoint)s, %(update_frequency)s,&#10;                     %(fetch_method)s, CAST(%(parser_profile)s AS jsonb), CAST(%(validator_profile)s AS jsonb), %(enabled)s,&#10;                     %(allowed_use_notes)s, %(access_mode)s, CAST(%(robots_tos_flags)s AS jsonb), NOW(), NOW())&#10;                    ON CONFLICT (namespace_id, source_id)&#10;                    DO UPDATE SET&#10;                      name = EXCLUDED.name,&#10;                      category = EXCLUDED.category,&#10;                      trust_level = EXCLUDED.trust_level,&#10;                      license = EXCLUDED.license,&#10;                      entrypoint = EXCLUDED.entrypoint,&#10;                      update_frequency = EXCLUDED.update_frequency,&#10;                      fetch_method = EXCLUDED.fetch_method,&#10;                      parser_profile = EXCLUDED.parser_profile,&#10;                      validator_profile = EXCLUDED.validator_profile,&#10;                      enabled = EXCLUDED.enabled,&#10;                      allowed_use_notes = EXCLUDED.allowed_use_notes,&#10;                      access_mode = EXCLUDED.access_mode,&#10;                      robots_tos_flags = EXCLUDED.robots_tos_flags,&#10;                      updated_at = NOW()&#10;                    ]&#10;[parameters: {'namespace_id': 'system.trust', 'source_id': 'src-admin-002', 'name': 'test-source', 'category': 'admin_division', 'trust_level': 'authoritative', 'license': 'ODbL', 'entrypoint': 'fixture://admin_division', 'update_frequency': 'daily', 'fetch_method': 'download', 'parser_profile': '{&quot;dataset_variant&quot;: &quot;admin_v1&quot;}', 'validator_profile': '{&quot;max_null_ratio&quot;: 0.2}', 'enabled': True, 'allowed_use_notes': 'cache allowed', 'access_mode': 'download', 'robots_tos_flags': '{&quot;allow_automation&quot;: true, &quot;require_attribution&quot;: true}'}]&#10;(Background on this error at: https://sqlalche.me/e/20/f405)">self = &lt;sqlalchemy.engine.base.Connection object at 0x111695310&gt;
dialect = &lt;sqlalchemy.dialects.postgresql.psycopg2.PGDialect_psycopg2 object at 0x1116953d0&gt;
context = &lt;sqlalchemy.dialects.postgresql.psycopg2.PGExecutionContext_psycopg2 object at 0x1113260d0&gt;
statement = &lt;sqlalchemy.dialects.postgresql.base.PGCompiler object at 0x111326100&gt;
parameters = [{'access_mode': 'download', 'allowed_use_notes': 'cache allowed', 'category': 'admin_division', 'enabled': True, ...}]

    def _exec_single_context(
        self,
        dialect: Dialect,
        context: ExecutionContext,
        statement: Union[str, Compiled],
        parameters: Optional[_AnyMultiExecuteParams],
    ) -&gt; CursorResult[Any]:
        """continue the _execute_context() method for a single DBAPI
        cursor.execute() or cursor.executemany() call.
    
        """
        if dialect.bind_typing is BindTyping.SETINPUTSIZES:
            generic_setinputsizes = context._prepare_set_input_sizes()
    
            if generic_setinputsizes:
                try:
                    dialect.do_set_input_sizes(
                        context.cursor, generic_setinputsizes, context
                    )
                except BaseException as e:
                    self._handle_dbapi_exception(
                        e, str(statement), parameters, None, context
                    )
    
        cursor, str_statement, parameters = (
            context.cursor,
            context.statement,
            context.parameters,
        )
    
        effective_parameters: Optional[_AnyExecuteParams]
    
        if not context.executemany:
            effective_parameters = parameters[0]
        else:
            effective_parameters = parameters
    
        if self._has_events or self.engine._has_events:
            for fn in self.dispatch.before_cursor_execute:
                str_statement, effective_parameters = fn(
                    self,
                    cursor,
                    str_statement,
                    effective_parameters,
                    context,
                    context.executemany,
                )
    
        if self._echo:
            self._log_info(str_statement)
    
            stats = context._get_cache_stats()
    
            if not self.engine.hide_parameters:
                self._log_info(
                    "[%s] %r",
                    stats,
                    sql_util._repr_params(
                        effective_parameters,
                        batches=10,
                        ismulti=context.executemany,
                    ),
                )
            else:
                self._log_info(
                    "[%s] [SQL parameters hidden due to hide_parameters=True]",
                    stats,
                )
    
        evt_handled: bool = False
        try:
            if context.execute_style is ExecuteStyle.EXECUTEMANY:
                effective_parameters = cast(
                    "_CoreMultiExecuteParams", effective_parameters
                )
                if self.dialect._has_events:
                    for fn in self.dialect.dispatch.do_executemany:
                        if fn(
                            cursor,
                            str_statement,
                            effective_parameters,
                            context,
                        ):
                            evt_handled = True
                            break
                if not evt_handled:
                    self.dialect.do_executemany(
                        cursor,
                        str_statement,
                        effective_parameters,
                        context,
                    )
            elif not effective_parameters and context.no_parameters:
                if self.dialect._has_events:
                    for fn in self.dialect.dispatch.do_execute_no_params:
                        if fn(cursor, str_statement, context):
                            evt_handled = True
                            break
                if not evt_handled:
                    self.dialect.do_execute_no_params(
                        cursor, str_statement, context
                    )
            else:
                effective_parameters = cast(
                    "_CoreSingleExecuteParams", effective_parameters
                )
                if self.dialect._has_events:
                    for fn in self.dialect.dispatch.do_execute:
                        if fn(
                            cursor,
                            str_statement,
                            effective_parameters,
                            context,
                        ):
                            evt_handled = True
                            break
                if not evt_handled:
&gt;                   self.dialect.do_execute(
                        cursor, str_statement, effective_parameters, context
                    )

.venv/lib/python3.9/site-packages/sqlalchemy/engine/base.py:1967: 
_ _ _ _ _ _ _ _ _ _ _ _ _ _ _ _ _ _ _ _ _ _ _ _ _ _ _ _ _ _ _ _ _ _ _ _ _ _ _ _ 

self = &lt;sqlalchemy.dialects.postgresql.psycopg2.PGDialect_psycopg2 object at 0x1116953d0&gt;
cursor = &lt;cursor object at 0x11091cd60; closed: -1&gt;
statement = '\n                    INSERT INTO trust_meta.source_registry\n                    (namespace_id, source_id, name, cat...         robots_tos_flags = EXCLUDED.robots_tos_flags,\n                      updated_at = NOW()\n                    '
parameters = {'access_mode': 'download', 'allowed_use_notes': 'cache allowed', 'category': 'admin_division', 'enabled': True, ...}
context = &lt;sqlalchemy.dialects.postgresql.psycopg2.PGExecutionContext_psycopg2 object at 0x1113260d0&gt;

    def do_execute(self, cursor, statement, parameters, context=None):
&gt;       cursor.execute(statement, parameters)
E       psycopg2.errors.UndefinedTable: relation "trust_meta.source_registry" does not exist
E       LINE 2:                     INSERT INTO trust_meta.source_registry
E                                               ^

.venv/lib/python3.9/site-packages/sqlalchemy/engine/default.py:941: UndefinedTable

The above exception was the direct cause of the following exception:

    def test_publish_requires_validation() -&gt; None:
        namespace = "system.trust"
        source_id = "src-admin-002"
&gt;       _register_source(namespace, source_id)

services/trust_data_hub/tests/test_trust_data_hub_api.py:68: 
_ _ _ _ _ _ _ _ _ _ _ _ _ _ _ _ _ _ _ _ _ _ _ _ _ _ _ _ _ _ _ _ _ _ _ _ _ _ _ _ 
services/trust_data_hub/tests/test_trust_data_hub_api.py:11: in _register_source
    resp = client.put(
.venv/lib/python3.9/site-packages/starlette/testclient.py:626: in put
    return super().put(
.venv/lib/python3.9/site-packages/httpx/_client.py:1181: in put
    return self.request(
.venv/lib/python3.9/site-packages/starlette/testclient.py:484: in request
    return super().request(
[...]

self = &lt;sqlalchemy.dialects.postgresql.psycopg2.PGDialect_psycopg2 object at 0x110b544f0&gt;
cursor = &lt;cursor object at 0x11091cd60; closed: -1&gt;
statement = '\n            INSERT INTO trust_meta.capability_registry (\n                capability_id, source_id, provider, endpo...tool_type,\n                status = excluded.status,\n                updated_at = excluded.updated_at;\n            '
parameters = {'capability_id': 'cap_6877d0ce4e49', 'endpoint': 'https://restapi.amap.com/v3/place/text', 'provider': 'amap', 'source_id': 'gaode', ...}
context = &lt;sqlalchemy.dialects.postgresql.psycopg2.PGExecutionContext_psycopg2 object at 0x11189aa60&gt;

    def do_execute(self, cursor, statement, parameters, context=None):
&gt;       cursor.execute(statement, parameters)
E       sqlalchemy.exc.ProgrammingError: (psycopg2.errors.UndefinedTable) relation "trust_meta.capability_registry" does not exist
E       LINE 2:             INSERT INTO trust_meta.capability_registry (
E                                       ^
E       
E       [SQL: 
E                   INSERT INTO trust_meta.capability_registry (
E                       capability_id, source_id, provider, endpoint, tool_type, status, updated_at
E                   ) VALUES (
E                       %(capability_id)s, %(source_id)s, %(provider)s, %(endpoint)s, %(tool_type)s, %(status)s, %(updated_at)s
E                   )
E                   ON CONFLICT(source_id, endpoint)
E                   DO UPDATE SET
E                       provider = excluded.provider,
E                       tool_type = excluded.tool_type,
E                       status = excluded.status,
E                       updated_at = excluded.updated_at;
E                   ]
E       [parameters: {'capability_id': 'cap_6877d0ce4e49', 'source_id': 'gaode', 'provider': 'amap', 'endpoint': 'https://restapi.amap.com/v3/place/text', 'tool_type': 'api', 'status': 'active', 'updated_at': '2026-03-01T02:37:05.516163+00:00'}]
E       (Background on this error at: https://sqlalche.me/e/20/f405)

.venv/lib/python3.9/site-packages/sqlalchemy/engine/default.py:941: ProgrammingError

The above exception was the direct cause of the following exception:

tmp_path = PosixPath('/private/var/folders/ly/16mz3gsd79x4g1c4y87r98f8gr4tlw/T/pytest-of-01411043/pytest-18/test_capability_and_sample_per0')

    def test_capability_and_sample_persist_after_reload(tmp_path) -&gt; None:
        storage = tmp_path / "trust_hub.json"
        hub = TrustHub(storage_path=storage)
        hub.store_api_key(name="gaode", api_key="k1", provider="amap", api_endpoint="https://restapi.amap.com")
&gt;       cap = hub.upsert_capability(
            source_id="gaode",
            provider="amap",
            endpoint="https://restapi.amap.com/v3/place/text",
            tool_type="api",
        )

tests/test_trust_hub_persistence_no_fallback.py:23: 
_ _ _ _ _ _ _ _ _ _ _ _ _ _ _ _ _ _ _ _ _ _ _ _ _ _ _ _ _ _ _ _ _ _ _ _ _ _ _ _ 
packages/trust_hub/__init__.py:130: in upsert_capability
    self._upsert_capability_db(item)
packages/trust_hub/__init__.py:219: in _upsert_capability_db
    self._execute_db(
_ _ _ _ _ _ _ _ _ _ _ _ _ _ _ _ _ _ _ _ _ _ _ _ _ _ _ _ _ _ _ _ _ _ _ _ _ _ _ _ 

self = &lt;packages.trust_hub.TrustHub object at 0x1115f2c10&gt;
sql = '\n            INSERT INTO trust_meta.capability_registry (\n                capability_id, source_id, provider, endpo...tool_type,\n                status = excluded.status,\n                updated_at = excluded.updated_at;\n            '
params = {'capability_id': 'cap_6877d0ce4e49', 'endpoint': 'https://restapi.amap.com/v3/place/text', 'provider': 'amap', 'source_id': 'gaode', ...}

    def _execute_db(self, sql: str, params: Dict[str, object]) -&gt; None:
        if not self._db_enabled():
            return
        try:
            from sqlalchemy import create_engine, text
        except Exception as exc:  # pragma: no cover
            raise ValueError(f"blocked: sqlalchemy unavailable: {exc}") from exc
    
        engine = create_engine(self._database_url)
        try:
            with engine.begin() as conn:
                if self._database_url.startswith("postgresql"):
                    conn.execute(text("SET search_path TO trust_meta, trust_data, public"))
                conn.execute(text(sql), params)
        except Exception as exc:
&gt;           raise ValueError(f"blocked: trust write failed: {exc}") from exc
E           ValueError: blocked: trust write failed: (psycopg2.errors.UndefinedTable) relation "trust_meta.capability_registry" does not exist
E           LINE 2:             INSERT INTO trust_meta.capability_registry (
E                                           ^
E           
E           [SQL: 
E                       INSERT INTO trust_meta.capability_registry (
E                           capability_id, source_id, provider, endpoint, tool_type, status, updated_at
E                       ) VALUES (
E                           %(capability_id)s, %(source_id)s, %(provider)s, %(endpoint)s, %(tool_type)s, %(status)s, %(updated_at)s
E                       )
E                       ON CONFLICT(source_id, endpoint)
E                       DO UPDATE SET
E                           provider = excluded.provider,
E                           tool_type = excluded.tool_type,
E                           status = excluded.status,
E                           updated_at = excluded.updated_at;
E                       ]
E           [parameters: {'capability_id': 'cap_6877d0ce4e49', 'source_id': 'gaode', 'provider': 'amap', 'endpoint': 'https://restapi.amap.com/v3/place/text', 'tool_type': 'api', 'status': 'active', 'updated_at': '2026-03-01T02:37:05.516163+00:00'}]
E           (Background on this error at: https://sqlalche.me/e/20/f405)

packages/trust_hub/__init__.py:216: ValueError</failure></testcase><testcase classname="tests.test_trust_hub_trustdb_query" name="test_query_trust_tables_blocked_without_database_url" time="0.001" /><testcase classname="tests.test_trust_hub_trustdb_query" name="test_query_trust_tables_blocked_with_non_pg_url" time="0.001" /><testcase classname="tests.test_trust_hub_trustdb_query" name="test_capability_and_sample_strict_when_non_pg_url" time="0.001" /><testcase classname="tests.test_workflow_approvals.WorkflowApprovalTests" name="test_auto_execute_blocked_without_approvals" time="0.203" /><testcase classname="tests.test_workflow_approvals.WorkflowApprovalTests" name="test_auto_execute_runs_after_approvals" time="0.730"><failure message="AssertionError: 'failed' != 'completed'&#10;- failed&#10;+ completed">self = &lt;test_workflow_approvals.WorkflowApprovalTests testMethod=test_auto_execute_runs_after_approvals&gt;

    def test_auto_execute_runs_after_approvals(self):
        wf = FactoryWorkflow(factory_name="test-factory-approved")
        wf.approve_all_required_gates(approver="unit-test", note="test")
    
        scenario = get_all_scenarios()["quick_test"]()
        wf.submit_product_requirement(scenario)
        result = wf.create_production_workflow(scenario, auto_execute=True)
    
&gt;       self.assertEqual(result["status"], "completed")
E       AssertionError: 'failed' != 'completed'
E       - failed
E       + completed

tests/test_workflow_approvals.py:31: AssertionError</failure></testcase><testcase classname="tests.web_e2e.test_lab_replay_ui" name="test_lab_replay_page_renders_core_sections" time="4.386"><error message="failed on setup with &quot;urllib.error.HTTPError: HTTP Error 404: Not Found&quot;">base_url = 'http://127.0.0.1:63481'

    @pytest.fixture(scope="session")
    def lab_change_context(base_url: str) -&gt; Dict[str, str]:
        optimize_payload = {
            "caller": "web-e2e-runner",
            "sample_spec": "sample",
            "sample_size": 3,
            "candidate_count": 1,
            "records": [
                {"raw_id": "web-r1", "raw_text": "上海市浦东新区张江路88号"},
                {"raw_id": "web-r2", "raw_text": "北京市海淀区中关村大街27号"},
                {"raw_id": "web-r3", "raw_text": "深圳市南山区科技南十二路2号"},
            ],
        }
        optimize_url = f"{base_url}/v1/governance/lab/optimize/web-e2e-batch"
        _wait_server(base_url, timeout_sec=DEFAULT_SERVER_WAIT_SEC)
        started_at = time.time()
&gt;       optimize = _post_with_retry(
            optimize_url,
            optimize_payload,
            timeout_sec=DEFAULT_OPTIMIZE_TIMEOUT_SEC,
            retries=DEFAULT_OPTIMIZE_RETRIES,
            retry_delay_sec=DEFAULT_OPTIMIZE_RETRY_DELAY_SEC,
        )

tests/web_e2e/conftest.py:190: 
_ _ _ _ _ _ _ _ _ _ _ _ _ _ _ _ _ _ _ _ _ _ _ _ _ _ _ _ _ _ _ _ _ _ _ _ _ _ _ _ 
tests/web_e2e/conftest.py:122: in _post_with_retry
    raise last_error
tests/web_e2e/conftest.py:92: in _post_with_retry
    return _http_post(url, payload, timeout_sec=timeout_sec)
tests/web_e2e/conftest.py:50: in _http_post
    with urllib.request.urlopen(req, timeout=timeout_sec) as resp:
/Library/Developer/CommandLineTools/Library/Frameworks/Python3.framework/Versions/3.9/lib/python3.9/urllib/request.py:214: in urlopen
    return opener.open(url, data, timeout)
/Library/Developer/CommandLineTools/Library/Frameworks/Python3.framework/Versions/3.9/lib/python3.9/urllib/request.py:523: in open
    response = meth(req, response)
/Library/Developer/CommandLineTools/Library/Frameworks/Python3.framework/Versions/3.9/lib/python3.9/urllib/request.py:632: in http_response
    response = self.parent.error(
/Library/Developer/CommandLineTools/Library/Frameworks/Python3.framework/Versions/3.9/lib/python3.9/urllib/request.py:561: in error
    return self._call_chain(*args)
/Library/Developer/CommandLineTools/Library/Frameworks/Python3.framework/Versions/3.9/lib/python3.9/urllib/request.py:494: in _call_chain
    result = func(*args)
_ _ _ _ _ _ _ _ _ _ _ _ _ _ _ _ _ _ _ _ _ _ _ _ _ _ _ _ _ _ _ _ _ _ _ _ _ _ _ _ 

self = &lt;urllib.request.HTTPDefaultErrorHandler object at 0x10ab43670&gt;
req = &lt;urllib.request.Request object at 0x1115941f0&gt;
fp = &lt;http.client.HTTPResponse object at 0x111594520&gt;, code = 404
msg = 'Not Found', hdrs = &lt;http.client.HTTPMessage object at 0x111307b20&gt;

    def http_error_default(self, req, fp, code, msg, hdrs):
&gt;       raise HTTPError(req.full_url, code, msg, hdrs, fp)
E       urllib.error.HTTPError: HTTP Error 404: Not Found

/Library/Developer/CommandLineTools/Library/Frameworks/Python3.framework/Versions/3.9/lib/python3.9/urllib/request.py:641: HTTPError</error></testcase><testcase classname="tests.web_e2e.test_lab_replay_ui" name="test_lab_replay_page_reflects_approval_and_activation_path" time="0.000"><error message="failed on setup with &quot;urllib.error.HTTPError: HTTP Error 404: Not Found&quot;">base_url = 'http://127.0.0.1:63481'

    @pytest.fixture(scope="session")
    def lab_change_context(base_url: str) -&gt; Dict[str, str]:
        optimize_payload = {
            "caller": "web-e2e-runner",
            "sample_spec": "sample",
            "sample_size": 3,
            "candidate_count": 1,
            "records": [
                {"raw_id": "web-r1", "raw_text": "上海市浦东新区张江路88号"},
                {"raw_id": "web-r2", "raw_text": "北京市海淀区中关村大街27号"},
                {"raw_id": "web-r3", "raw_text": "深圳市南山区科技南十二路2号"},
            ],
        }
        optimize_url = f"{base_url}/v1/governance/lab/optimize/web-e2e-batch"
        _wait_server(base_url, timeout_sec=DEFAULT_SERVER_WAIT_SEC)
        started_at = time.time()
&gt;       optimize = _post_with_retry(
            optimize_url,
            optimize_payload,
            timeout_sec=DEFAULT_OPTIMIZE_TIMEOUT_SEC,
            retries=DEFAULT_OPTIMIZE_RETRIES,
            retry_delay_sec=DEFAULT_OPTIMIZE_RETRY_DELAY_SEC,
        )

tests/web_e2e/conftest.py:190: 
_ _ _ _ _ _ _ _ _ _ _ _ _ _ _ _ _ _ _ _ _ _ _ _ _ _ _ _ _ _ _ _ _ _ _ _ _ _ _ _ 
tests/web_e2e/conftest.py:122: in _post_with_retry
    raise last_error
tests/web_e2e/conftest.py:92: in _post_with_retry
    return _http_post(url, payload, timeout_sec=timeout_sec)
tests/web_e2e/conftest.py:50: in _http_post
    with urllib.request.urlopen(req, timeout=timeout_sec) as resp:
/Library/Developer/CommandLineTools/Library/Frameworks/Python3.framework/Versions/3.9/lib/python3.9/urllib/request.py:214: in urlopen
    return opener.open(url, data, timeout)
/Library/Developer/CommandLineTools/Library/Frameworks/Python3.framework/Versions/3.9/lib/python3.9/urllib/request.py:523: in open
    response = meth(req, response)
/Library/Developer/CommandLineTools/Library/Frameworks/Python3.framework/Versions/3.9/lib/python3.9/urllib/request.py:632: in http_response
    response = self.parent.error(
/Library/Developer/CommandLineTools/Library/Frameworks/Python3.framework/Versions/3.9/lib/python3.9/urllib/request.py:561: in error
    return self._call_chain(*args)
/Library/Developer/CommandLineTools/Library/Frameworks/Python3.framework/Versions/3.9/lib/python3.9/urllib/request.py:494: in _call_chain
    result = func(*args)
_ _ _ _ _ _ _ _ _ _ _ _ _ _ _ _ _ _ _ _ _ _ _ _ _ _ _ _ _ _ _ _ _ _ _ _ _ _ _ _ 

self = &lt;urllib.request.HTTPDefaultErrorHandler object at 0x10ab43670&gt;
req = &lt;urllib.request.Request object at 0x1115941f0&gt;
fp = &lt;http.client.HTTPResponse object at 0x111594520&gt;, code = 404
msg = 'Not Found', hdrs = &lt;http.client.HTTPMessage object at 0x111307b20&gt;

    def http_error_default(self, req, fp, code, msg, hdrs):
&gt;       raise HTTPError(req.full_url, code, msg, hdrs, fp)
E       urllib.error.HTTPError: HTTP Error 404: Not Found

/Library/Developer/CommandLineTools/Library/Frameworks/Python3.framework/Versions/3.9/lib/python3.9/urllib/request.py:641: HTTPError</error></testcase><testcase classname="tests.web_e2e.test_observability_live_ui" name="test_observability_live_page_renders_core_sections" time="0.000"><error message="failed on setup with &quot;file /Users/01411043/code/spatial-intelligence-data-factory/tests/web_e2e/test_observability_live_ui.py, line 7&#10;  def test_observability_live_page_renders_core_sections(page, base_url):&#10;E       fixture 'page' not found&#10;&gt;       available fixtures: anyio_backend, anyio_backend_name, anyio_backend_options, base_url, cache, capfd, capfdbinary, caplog, capsys, capsysbinary, capteesys, doctest_namespace, ensure_playwright_browser_ready, free_tcp_port, free_tcp_port_factory, free_udp_port, free_udp_port_factory, governance_api, lab_change_context, local_governance_server, monkeypatch, pytestconfig, record_property, record_testsuite_property, record_xml_attribute, recwarn, tmp_path, tmp_path_factory, tmpdir, tmpdir_factory&#10;&gt;       use 'pytest --fixtures [testpath]' for help on them.&#10;&#10;/Users/01411043/code/spatial-intelligence-data-factory/tests/web_e2e/test_observability_live_ui.py:7&quot;">file /Users/01411043/code/spatial-intelligence-data-factory/tests/web_e2e/test_observability_live_ui.py, line 7
  def test_observability_live_page_renders_core_sections(page, base_url):
E       fixture 'page' not found
&gt;       available fixtures: anyio_backend, anyio_backend_name, anyio_backend_options, base_url, cache, capfd, capfdbinary, caplog, capsys, capsysbinary, capteesys, doctest_namespace, ensure_playwright_browser_ready, free_tcp_port, free_tcp_port_factory, free_udp_port, free_udp_port_factory, governance_api, lab_change_context, local_governance_server, monkeypatch, pytestconfig, record_property, record_testsuite_property, record_xml_attribute, recwarn, tmp_path, tmp_path_factory, tmpdir, tmpdir_factory
&gt;       use 'pytest --fixtures [testpath]' for help on them.

/Users/01411043/code/spatial-intelligence-data-factory/tests/web_e2e/test_observability_live_ui.py:7</error></testcase><testcase classname="tests.web_e2e.test_observability_live_ui" name="test_observability_live_page_updates_connection_state" time="0.000"><error message="failed on setup with &quot;file /Users/01411043/code/spatial-intelligence-data-factory/tests/web_e2e/test_observability_live_ui.py, line 20&#10;  def test_observability_live_page_updates_connection_state(page, base_url):&#10;E       fixture 'page' not found&#10;&gt;       available fixtures: anyio_backend, anyio_backend_name, anyio_backend_options, base_url, cache, capfd, capfdbinary, caplog, capsys, capsysbinary, capteesys, doctest_namespace, ensure_playwright_browser_ready, free_tcp_port, free_tcp_port_factory, free_udp_port, free_udp_port_factory, governance_api, lab_change_context, local_governance_server, monkeypatch, pytestconfig, record_property, record_testsuite_property, record_xml_attribute, recwarn, tmp_path, tmp_path_factory, tmpdir, tmpdir_factory&#10;&gt;       use 'pytest --fixtures [testpath]' for help on them.&#10;&#10;/Users/01411043/code/spatial-intelligence-data-factory/tests/web_e2e/test_observability_live_ui.py:20&quot;">file /Users/01411043/code/spatial-intelligence-data-factory/tests/web_e2e/test_observability_live_ui.py, line 20
  def test_observability_live_page_updates_connection_state(page, base_url):
E       fixture 'page' not found
&gt;       available fixtures: anyio_backend, anyio_backend_name, anyio_backend_options, base_url, cache, capfd, capfdbinary, caplog, capsys, capsysbinary, capteesys, doctest_namespace, ensure_playwright_browser_ready, free_tcp_port, free_tcp_port_factory, free_udp_port, free_udp_port_factory, governance_api, lab_change_context, local_governance_server, monkeypatch, pytestconfig, record_property, record_testsuite_property, record_xml_attribute, recwarn, tmp_path, tmp_path_factory, tmpdir, tmpdir_factory
&gt;       use 'pytest --fixtures [testpath]' for help on them.

/Users/01411043/code/spatial-intelligence-data-factory/tests/web_e2e/test_observability_live_ui.py:20</error></testcase><testcase classname="tests.web_e2e.test_runtime_observability_upload_ui" name="test_runtime_observability_upload_batch_from_csv" time="0.000"><error message="failed on setup with &quot;file /Users/01411043/code/spatial-intelligence-data-factory/tests/web_e2e/test_runtime_observability_upload_ui.py, line 12&#10;  def test_runtime_observability_upload_batch_from_csv(page, base_url):&#10;E       fixture 'page' not found&#10;&gt;       available fixtures: anyio_backend, anyio_backend_name, anyio_backend_options, base_url, cache, capfd, capfdbinary, caplog, capsys, capsysbinary, capteesys, doctest_namespace, ensure_playwright_browser_ready, free_tcp_port, free_tcp_port_factory, free_udp_port, free_udp_port_factory, governance_api, lab_change_context, local_governance_server, monkeypatch, pytestconfig, record_property, record_testsuite_property, record_xml_attribute, recwarn, tmp_path, tmp_path_factory, tmpdir, tmpdir_factory&#10;&gt;       use 'pytest --fixtures [testpath]' for help on them.&#10;&#10;/Users/01411043/code/spatial-intelligence-data-factory/tests/web_e2e/test_runtime_observability_upload_ui.py:12&quot;">file /Users/01411043/code/spatial-intelligence-data-factory/tests/web_e2e/test_runtime_observability_upload_ui.py, line 12
  def test_runtime_observability_upload_batch_from_csv(page, base_url):
E       fixture 'page' not found
&gt;       available fixtures: anyio_backend, anyio_backend_name, anyio_backend_options, base_url, cache, capfd, capfdbinary, caplog, capsys, capsysbinary, capteesys, doctest_namespace, ensure_playwright_browser_ready, free_tcp_port, free_tcp_port_factory, free_udp_port, free_udp_port_factory, governance_api, lab_change_context, local_governance_server, monkeypatch, pytestconfig, record_property, record_testsuite_property, record_xml_attribute, recwarn, tmp_path, tmp_path_factory, tmpdir, tmpdir_factory
&gt;       use 'pytest --fixtures [testpath]' for help on them.

/Users/01411043/code/spatial-intelligence-data-factory/tests/web_e2e/test_runtime_observability_upload_ui.py:12</error></testcase><testcase classname="tests.web_e2e.test_runtime_observability_workpackage_pipeline_ui" name="test_runtime_observability_workpackage_panel_visible" time="5.465" /></testsuite></testsuites>