<?xml version="1.0" encoding="utf-8"?><testsuites name="pytest tests"><testsuite name="pytest" errors="26" failures="0" skipped="0" tests="26" time="5.136" timestamp="2026-03-01T10:34:30.370469+08:00" hostname="SF01411043MACHC"><testcase classname="" name="packages.address_core.tests.test_dedup" time="0.000"><error message="collection failure">ImportError while importing test module '/Users/01411043/code/spatial-intelligence-data-factory/packages/address_core/tests/test_dedup.py'.
Hint: make sure your test modules/packages have valid Python names.
Traceback:
/Library/Developer/CommandLineTools/Library/Frameworks/Python3.framework/Versions/3.9/lib/python3.9/importlib/__init__.py:127: in import_module
    return _bootstrap._gcd_import(name[level:], package, level)
packages/address_core/tests/test_dedup.py:1: in &lt;module&gt;
    from packages.address_core.dedup import dedup_records
E   ModuleNotFoundError: No module named 'packages'</error></testcase><testcase classname="" name="packages.address_core.tests.test_match" time="0.000"><error message="collection failure">ImportError while importing test module '/Users/01411043/code/spatial-intelligence-data-factory/packages/address_core/tests/test_match.py'.
Hint: make sure your test modules/packages have valid Python names.
Traceback:
/Library/Developer/CommandLineTools/Library/Frameworks/Python3.framework/Versions/3.9/lib/python3.9/importlib/__init__.py:127: in import_module
    return _bootstrap._gcd_import(name[level:], package, level)
packages/address_core/tests/test_match.py:3: in &lt;module&gt;
    from packages.address_core.match import recall_candidates
E   ModuleNotFoundError: No module named 'packages'</error></testcase><testcase classname="" name="packages.address_core.tests.test_normalize" time="0.000"><error message="collection failure">ImportError while importing test module '/Users/01411043/code/spatial-intelligence-data-factory/packages/address_core/tests/test_normalize.py'.
Hint: make sure your test modules/packages have valid Python names.
Traceback:
/Library/Developer/CommandLineTools/Library/Frameworks/Python3.framework/Versions/3.9/lib/python3.9/importlib/__init__.py:127: in import_module
    return _bootstrap._gcd_import(name[level:], package, level)
packages/address_core/tests/test_normalize.py:1: in &lt;module&gt;
    from packages.address_core.normalize import normalize_text
E   ModuleNotFoundError: No module named 'packages'</error></testcase><testcase classname="" name="packages.address_core.tests.test_parse" time="0.000"><error message="collection failure">ImportError while importing test module '/Users/01411043/code/spatial-intelligence-data-factory/packages/address_core/tests/test_parse.py'.
Hint: make sure your test modules/packages have valid Python names.
Traceback:
/Library/Developer/CommandLineTools/Library/Frameworks/Python3.framework/Versions/3.9/lib/python3.9/importlib/__init__.py:127: in import_module
    return _bootstrap._gcd_import(name[level:], package, level)
packages/address_core/tests/test_parse.py:1: in &lt;module&gt;
    from packages.address_core.parse import parse_components
E   ModuleNotFoundError: No module named 'packages'</error></testcase><testcase classname="" name="packages.address_core.tests.test_pipeline_no_fallback" time="0.000"><error message="collection failure">ImportError while importing test module '/Users/01411043/code/spatial-intelligence-data-factory/packages/address_core/tests/test_pipeline_no_fallback.py'.
Hint: make sure your test modules/packages have valid Python names.
Traceback:
/Library/Developer/CommandLineTools/Library/Frameworks/Python3.framework/Versions/3.9/lib/python3.9/importlib/__init__.py:127: in import_module
    return _bootstrap._gcd_import(name[level:], package, level)
packages/address_core/tests/test_pipeline_no_fallback.py:3: in &lt;module&gt;
    from packages.address_core.pipeline import run
E   ModuleNotFoundError: No module named 'packages'</error></testcase><testcase classname="" name="packages.address_core.tests.test_pipeline_smoke" time="0.000"><error message="collection failure">ImportError while importing test module '/Users/01411043/code/spatial-intelligence-data-factory/packages/address_core/tests/test_pipeline_smoke.py'.
Hint: make sure your test modules/packages have valid Python names.
Traceback:
/Library/Developer/CommandLineTools/Library/Frameworks/Python3.framework/Versions/3.9/lib/python3.9/importlib/__init__.py:127: in import_module
    return _bootstrap._gcd_import(name[level:], package, level)
packages/address_core/tests/test_pipeline_smoke.py:3: in &lt;module&gt;
    from packages.address_core.pipeline import run
E   ModuleNotFoundError: No module named 'packages'</error></testcase><testcase classname="" name="packages.address_core.tests.test_pipeline_trust_provider" time="0.000"><error message="collection failure">ImportError while importing test module '/Users/01411043/code/spatial-intelligence-data-factory/packages/address_core/tests/test_pipeline_trust_provider.py'.
Hint: make sure your test modules/packages have valid Python names.
Traceback:
/Library/Developer/CommandLineTools/Library/Frameworks/Python3.framework/Versions/3.9/lib/python3.9/importlib/__init__.py:127: in import_module
    return _bootstrap._gcd_import(name[level:], package, level)
packages/address_core/tests/test_pipeline_trust_provider.py:5: in &lt;module&gt;
    from packages.address_core.pipeline import run
E   ModuleNotFoundError: No module named 'packages'</error></testcase><testcase classname="" name="packages.address_core.tests.test_score" time="0.000"><error message="collection failure">ImportError while importing test module '/Users/01411043/code/spatial-intelligence-data-factory/packages/address_core/tests/test_score.py'.
Hint: make sure your test modules/packages have valid Python names.
Traceback:
/Library/Developer/CommandLineTools/Library/Frameworks/Python3.framework/Versions/3.9/lib/python3.9/importlib/__init__.py:127: in import_module
    return _bootstrap._gcd_import(name[level:], package, level)
packages/address_core/tests/test_score.py:1: in &lt;module&gt;
    from packages.address_core.score import score_confidence
E   ModuleNotFoundError: No module named 'packages'</error></testcase><testcase classname="" name="packages.address_core.tests.test_trusted_fengtu" time="0.000"><error message="collection failure">ImportError while importing test module '/Users/01411043/code/spatial-intelligence-data-factory/packages/address_core/tests/test_trusted_fengtu.py'.
Hint: make sure your test modules/packages have valid Python names.
Traceback:
/Library/Developer/CommandLineTools/Library/Frameworks/Python3.framework/Versions/3.9/lib/python3.9/importlib/__init__.py:127: in import_module
    return _bootstrap._gcd_import(name[level:], package, level)
packages/address_core/tests/test_trusted_fengtu.py:3: in &lt;module&gt;
    from packages.address_core.trusted_fengtu import FengtuTrustedClient
E   ModuleNotFoundError: No module named 'packages'</error></testcase><testcase classname="" name="packages.agent_runtime.tests.test_opencode_runtime_contract" time="0.000"><error message="collection failure">ImportError while importing test module '/Users/01411043/code/spatial-intelligence-data-factory/packages/agent_runtime/tests/test_opencode_runtime_contract.py'.
Hint: make sure your test modules/packages have valid Python names.
Traceback:
/Library/Developer/CommandLineTools/Library/Frameworks/Python3.framework/Versions/3.9/lib/python3.9/importlib/__init__.py:127: in import_module
    return _bootstrap._gcd_import(name[level:], package, level)
packages/agent_runtime/tests/test_opencode_runtime_contract.py:4: in &lt;module&gt;
    from packages.agent_runtime.adapters.opencode_runtime import OpenCodeRuntime
E   ModuleNotFoundError: No module named 'packages'</error></testcase><testcase classname="" name="packages.agent_runtime.tests.test_runtime_fallback" time="0.000"><error message="collection failure">ImportError while importing test module '/Users/01411043/code/spatial-intelligence-data-factory/packages/agent_runtime/tests/test_runtime_fallback.py'.
Hint: make sure your test modules/packages have valid Python names.
Traceback:
/Library/Developer/CommandLineTools/Library/Frameworks/Python3.framework/Versions/3.9/lib/python3.9/importlib/__init__.py:127: in import_module
    return _bootstrap._gcd_import(name[level:], package, level)
packages/agent_runtime/tests/test_runtime_fallback.py:1: in &lt;module&gt;
    from packages.agent_runtime.adapters.legacy_runtime import LegacyRuntime
E   ModuleNotFoundError: No module named 'packages'</error></testcase><testcase classname="" name="packages.agent_runtime.tests.test_runtime_selector" time="0.000"><error message="collection failure">ImportError while importing test module '/Users/01411043/code/spatial-intelligence-data-factory/packages/agent_runtime/tests/test_runtime_selector.py'.
Hint: make sure your test modules/packages have valid Python names.
Traceback:
/Library/Developer/CommandLineTools/Library/Frameworks/Python3.framework/Versions/3.9/lib/python3.9/importlib/__init__.py:127: in import_module
    return _bootstrap._gcd_import(name[level:], package, level)
packages/agent_runtime/tests/test_runtime_selector.py:5: in &lt;module&gt;
    from packages.agent_runtime.runtime_selector import get_runtime
E   ModuleNotFoundError: No module named 'packages'</error></testcase><testcase classname="" name="packages.agent_runtime.tests.test_runtime_selector_contract" time="0.000"><error message="collection failure">ImportError while importing test module '/Users/01411043/code/spatial-intelligence-data-factory/packages/agent_runtime/tests/test_runtime_selector_contract.py'.
Hint: make sure your test modules/packages have valid Python names.
Traceback:
/Library/Developer/CommandLineTools/Library/Frameworks/Python3.framework/Versions/3.9/lib/python3.9/importlib/__init__.py:127: in import_module
    return _bootstrap._gcd_import(name[level:], package, level)
packages/agent_runtime/tests/test_runtime_selector_contract.py:3: in &lt;module&gt;
    from packages.agent_runtime.runtime_selector import get_runtime
E   ModuleNotFoundError: No module named 'packages'</error></testcase><testcase classname="" name="services.governance_api.tests.test_blocked_confirmation_audit" time="0.000"><error message="collection failure">services/governance_api/tests/test_blocked_confirmation_audit.py:1: in &lt;module&gt;
    from services.governance_api.app.repositories.governance_repository import REPOSITORY
services/governance_api/app/repositories/governance_repository.py:1853: in &lt;module&gt;
    REPOSITORY = GovernanceRepository()
services/governance_api/app/repositories/governance_repository.py:40: in __init__
    raise RuntimeError(
E   RuntimeError: DATABASE_URL must be postgresql:// in persistent runtime mode.</error></testcase><testcase classname="" name="services.governance_api.tests.test_e2e_pending_to_succeeded" time="0.000"><error message="collection failure">services/governance_api/tests/test_e2e_pending_to_succeeded.py:5: in &lt;module&gt;
    from services.governance_api.app.main import app
services/governance_api/app/main.py:6: in &lt;module&gt;
    from services.governance_api.app.routers import lab, manual_review, observability, ops, reviews, rulesets, tasks
services/governance_api/app/routers/lab.py:40: in &lt;module&gt;
    from services.governance_api.app.services.governance_service import GOVERNANCE_SERVICE
services/governance_api/app/services/__init__.py:1: in &lt;module&gt;
    from services.governance_api.app.services.governance_service import GOVERNANCE_SERVICE, GovernanceGateError
services/governance_api/app/services/governance_service.py:9: in &lt;module&gt;
    from services.governance_api.app.repositories.governance_repository import GovernanceGateError, REPOSITORY
services/governance_api/app/repositories/governance_repository.py:1853: in &lt;module&gt;
    REPOSITORY = GovernanceRepository()
services/governance_api/app/repositories/governance_repository.py:40: in __init__
    raise RuntimeError(
E   RuntimeError: DATABASE_URL must be postgresql:// in persistent runtime mode.</error></testcase><testcase classname="" name="services.governance_api.tests.test_lab_api" time="0.000"><error message="collection failure">services/governance_api/tests/test_lab_api.py:10: in &lt;module&gt;
    from services.governance_api.app.main import app
services/governance_api/app/main.py:6: in &lt;module&gt;
    from services.governance_api.app.routers import lab, manual_review, observability, ops, reviews, rulesets, tasks
services/governance_api/app/routers/lab.py:40: in &lt;module&gt;
    from services.governance_api.app.services.governance_service import GOVERNANCE_SERVICE
services/governance_api/app/services/__init__.py:1: in &lt;module&gt;
    from services.governance_api.app.services.governance_service import GOVERNANCE_SERVICE, GovernanceGateError
services/governance_api/app/services/governance_service.py:9: in &lt;module&gt;
    from services.governance_api.app.repositories.governance_repository import GovernanceGateError, REPOSITORY
services/governance_api/app/repositories/governance_repository.py:1853: in &lt;module&gt;
    REPOSITORY = GovernanceRepository()
services/governance_api/app/repositories/governance_repository.py:40: in __init__
    raise RuntimeError(
E   RuntimeError: DATABASE_URL must be postgresql:// in persistent runtime mode.</error></testcase><testcase classname="" name="services.governance_api.tests.test_lab_sql_api" time="0.000"><error message="collection failure">services/governance_api/tests/test_lab_sql_api.py:5: in &lt;module&gt;
    from services.governance_api.app.main import app
services/governance_api/app/main.py:6: in &lt;module&gt;
    from services.governance_api.app.routers import lab, manual_review, observability, ops, reviews, rulesets, tasks
services/governance_api/app/routers/lab.py:40: in &lt;module&gt;
    from services.governance_api.app.services.governance_service import GOVERNANCE_SERVICE
services/governance_api/app/services/__init__.py:1: in &lt;module&gt;
    from services.governance_api.app.services.governance_service import GOVERNANCE_SERVICE, GovernanceGateError
services/governance_api/app/services/governance_service.py:9: in &lt;module&gt;
    from services.governance_api.app.repositories.governance_repository import GovernanceGateError, REPOSITORY
services/governance_api/app/repositories/governance_repository.py:1853: in &lt;module&gt;
    REPOSITORY = GovernanceRepository()
services/governance_api/app/repositories/governance_repository.py:40: in __init__
    raise RuntimeError(
E   RuntimeError: DATABASE_URL must be postgresql:// in persistent runtime mode.</error></testcase><testcase classname="" name="services.governance_api.tests.test_observability_foundation_api" time="0.000"><error message="collection failure">services/governance_api/tests/test_observability_foundation_api.py:9: in &lt;module&gt;
    from services.governance_api.app.main import app
services/governance_api/app/main.py:6: in &lt;module&gt;
    from services.governance_api.app.routers import lab, manual_review, observability, ops, reviews, rulesets, tasks
services/governance_api/app/routers/lab.py:40: in &lt;module&gt;
    from services.governance_api.app.services.governance_service import GOVERNANCE_SERVICE
services/governance_api/app/services/__init__.py:1: in &lt;module&gt;
    from services.governance_api.app.services.governance_service import GOVERNANCE_SERVICE, GovernanceGateError
services/governance_api/app/services/governance_service.py:9: in &lt;module&gt;
    from services.governance_api.app.repositories.governance_repository import GovernanceGateError, REPOSITORY
services/governance_api/app/repositories/governance_repository.py:1853: in &lt;module&gt;
    REPOSITORY = GovernanceRepository()
services/governance_api/app/repositories/governance_repository.py:40: in __init__
    raise RuntimeError(
E   RuntimeError: DATABASE_URL must be postgresql:// in persistent runtime mode.</error></testcase><testcase classname="" name="services.governance_api.tests.test_observability_integration" time="0.000"><error message="collection failure">services/governance_api/tests/test_observability_integration.py:5: in &lt;module&gt;
    from services.governance_api.app.main import app
services/governance_api/app/main.py:6: in &lt;module&gt;
    from services.governance_api.app.routers import lab, manual_review, observability, ops, reviews, rulesets, tasks
services/governance_api/app/routers/lab.py:40: in &lt;module&gt;
    from services.governance_api.app.services.governance_service import GOVERNANCE_SERVICE
services/governance_api/app/services/__init__.py:1: in &lt;module&gt;
    from services.governance_api.app.services.governance_service import GOVERNANCE_SERVICE, GovernanceGateError
services/governance_api/app/services/governance_service.py:9: in &lt;module&gt;
    from services.governance_api.app.repositories.governance_repository import GovernanceGateError, REPOSITORY
services/governance_api/app/repositories/governance_repository.py:1853: in &lt;module&gt;
    REPOSITORY = GovernanceRepository()
services/governance_api/app/repositories/governance_repository.py:40: in __init__
    raise RuntimeError(
E   RuntimeError: DATABASE_URL must be postgresql:// in persistent runtime mode.</error></testcase><testcase classname="" name="services.governance_api.tests.test_ops_api" time="0.000"><error message="collection failure">services/governance_api/tests/test_ops_api.py:5: in &lt;module&gt;
    from services.governance_api.app.main import app
services/governance_api/app/main.py:6: in &lt;module&gt;
    from services.governance_api.app.routers import lab, manual_review, observability, ops, reviews, rulesets, tasks
services/governance_api/app/routers/lab.py:40: in &lt;module&gt;
    from services.governance_api.app.services.governance_service import GOVERNANCE_SERVICE
services/governance_api/app/services/__init__.py:1: in &lt;module&gt;
    from services.governance_api.app.services.governance_service import GOVERNANCE_SERVICE, GovernanceGateError
services/governance_api/app/services/governance_service.py:9: in &lt;module&gt;
    from services.governance_api.app.repositories.governance_repository import GovernanceGateError, REPOSITORY
services/governance_api/app/repositories/governance_repository.py:1853: in &lt;module&gt;
    REPOSITORY = GovernanceRepository()
services/governance_api/app/repositories/governance_repository.py:40: in __init__
    raise RuntimeError(
E   RuntimeError: DATABASE_URL must be postgresql:// in persistent runtime mode.</error></testcase><testcase classname="" name="services.governance_api.tests.test_ops_sql_readonly_api" time="0.000"><error message="collection failure">services/governance_api/tests/test_ops_sql_readonly_api.py:3: in &lt;module&gt;
    from services.governance_api.app.main import app
services/governance_api/app/main.py:6: in &lt;module&gt;
    from services.governance_api.app.routers import lab, manual_review, observability, ops, reviews, rulesets, tasks
services/governance_api/app/routers/lab.py:40: in &lt;module&gt;
    from services.governance_api.app.services.governance_service import GOVERNANCE_SERVICE
services/governance_api/app/services/__init__.py:1: in &lt;module&gt;
    from services.governance_api.app.services.governance_service import GOVERNANCE_SERVICE, GovernanceGateError
services/governance_api/app/services/governance_service.py:9: in &lt;module&gt;
    from services.governance_api.app.repositories.governance_repository import GovernanceGateError, REPOSITORY
services/governance_api/app/repositories/governance_repository.py:1853: in &lt;module&gt;
    REPOSITORY = GovernanceRepository()
services/governance_api/app/repositories/governance_repository.py:40: in __init__
    raise RuntimeError(
E   RuntimeError: DATABASE_URL must be postgresql:// in persistent runtime mode.</error></testcase><testcase classname="" name="services.governance_api.tests.test_reviews_api" time="0.000"><error message="collection failure">services/governance_api/tests/test_reviews_api.py:5: in &lt;module&gt;
    from services.governance_api.app.main import app
services/governance_api/app/main.py:6: in &lt;module&gt;
    from services.governance_api.app.routers import lab, manual_review, observability, ops, reviews, rulesets, tasks
services/governance_api/app/routers/lab.py:40: in &lt;module&gt;
    from services.governance_api.app.services.governance_service import GOVERNANCE_SERVICE
services/governance_api/app/services/__init__.py:1: in &lt;module&gt;
    from services.governance_api.app.services.governance_service import GOVERNANCE_SERVICE, GovernanceGateError
services/governance_api/app/services/governance_service.py:9: in &lt;module&gt;
    from services.governance_api.app.repositories.governance_repository import GovernanceGateError, REPOSITORY
services/governance_api/app/repositories/governance_repository.py:1853: in &lt;module&gt;
    REPOSITORY = GovernanceRepository()
services/governance_api/app/repositories/governance_repository.py:40: in __init__
    raise RuntimeError(
E   RuntimeError: DATABASE_URL must be postgresql:// in persistent runtime mode.</error></testcase><testcase classname="" name="services.governance_api.tests.test_rulesets_api" time="0.000"><error message="collection failure">services/governance_api/tests/test_rulesets_api.py:3: in &lt;module&gt;
    from services.governance_api.app.main import app
services/governance_api/app/main.py:6: in &lt;module&gt;
    from services.governance_api.app.routers import lab, manual_review, observability, ops, reviews, rulesets, tasks
services/governance_api/app/routers/lab.py:40: in &lt;module&gt;
    from services.governance_api.app.services.governance_service import GOVERNANCE_SERVICE
services/governance_api/app/services/__init__.py:1: in &lt;module&gt;
    from services.governance_api.app.services.governance_service import GOVERNANCE_SERVICE, GovernanceGateError
services/governance_api/app/services/governance_service.py:9: in &lt;module&gt;
    from services.governance_api.app.repositories.governance_repository import GovernanceGateError, REPOSITORY
services/governance_api/app/repositories/governance_repository.py:1853: in &lt;module&gt;
    REPOSITORY = GovernanceRepository()
services/governance_api/app/repositories/governance_repository.py:40: in __init__
    raise RuntimeError(
E   RuntimeError: DATABASE_URL must be postgresql:// in persistent runtime mode.</error></testcase><testcase classname="" name="services.governance_api.tests.test_rulesets_postgres_integration" time="0.000"><error message="collection failure">services/governance_api/tests/test_rulesets_postgres_integration.py:10: in &lt;module&gt;
    from services.governance_api.app.main import app
services/governance_api/app/main.py:6: in &lt;module&gt;
    from services.governance_api.app.routers import lab, manual_review, observability, ops, reviews, rulesets, tasks
services/governance_api/app/routers/lab.py:40: in &lt;module&gt;
    from services.governance_api.app.services.governance_service import GOVERNANCE_SERVICE
services/governance_api/app/services/__init__.py:1: in &lt;module&gt;
    from services.governance_api.app.services.governance_service import GOVERNANCE_SERVICE, GovernanceGateError
services/governance_api/app/services/governance_service.py:9: in &lt;module&gt;
    from services.governance_api.app.repositories.governance_repository import GovernanceGateError, REPOSITORY
services/governance_api/app/repositories/governance_repository.py:1853: in &lt;module&gt;
    REPOSITORY = GovernanceRepository()
services/governance_api/app/repositories/governance_repository.py:40: in __init__
    raise RuntimeError(
E   RuntimeError: DATABASE_URL must be postgresql:// in persistent runtime mode.</error></testcase><testcase classname="" name="tests.test_bmad_workflow_status_guard" time="0.000"><error message="collection failure">ImportError while importing test module '/Users/01411043/code/spatial-intelligence-data-factory/tests/test_bmad_workflow_status_guard.py'.
Hint: make sure your test modules/packages have valid Python names.
Traceback:
/Library/Developer/CommandLineTools/Library/Frameworks/Python3.framework/Versions/3.9/lib/python3.9/importlib/__init__.py:127: in import_module
    return _bootstrap._gcd_import(name[level:], package, level)
tests/test_bmad_workflow_status_guard.py:6: in &lt;module&gt;
    import yaml
E   ModuleNotFoundError: No module named 'yaml'</error></testcase><testcase classname="" name="tests.test_continuous_demo_cleanup" time="0.000"><error message="collection failure">ImportError while importing test module '/Users/01411043/code/spatial-intelligence-data-factory/tests/test_continuous_demo_cleanup.py'.
Hint: make sure your test modules/packages have valid Python names.
Traceback:
/Library/Developer/CommandLineTools/Library/Frameworks/Python3.framework/Versions/3.9/lib/python3.9/importlib/__init__.py:127: in import_module
    return _bootstrap._gcd_import(name[level:], package, level)
tests/test_continuous_demo_cleanup.py:11: in &lt;module&gt;
    from scripts.factory_continuous_demo_web import run_worker
scripts/factory_continuous_demo_web.py:23: in &lt;module&gt;
    from tools.factory_simple_server import start_server, factory_state, register_action_handlers
E   ImportError: cannot import name 'start_server' from 'tools.factory_simple_server' (/Users/01411043/code/spatial-intelligence-data-factory/tools/factory_simple_server.py)</error></testcase></testsuite></testsuites>